
================================================================
======== txAdmin v6.0.2 atop fxserver 6683 Starting - 10/5/2023, 01:35:04
================================================================

================================================================
======== Log Rotated - 10/5/2023, 01:35:04                      
================================================================

================================================================
======== txAdmin v6.0.2 atop fxserver 6683 Starting - 10/5/2023, 01:35:35
================================================================
[01:37:39][KaelKanaeru] logged in from 127.0.0.1 via password
[01:37:52][KaelKanaeru] executed "ensure "vehicles""
[01:38:34][KaelKanaeru] executed "stop "jsfour-idcard""

================================================================
======== txAdmin v6.0.2 atop fxserver 6683 Starting - 10/5/2023, 14:57:20
================================================================

================================================================
======== txAdmin v6.0.2 atop fxserver 6683 Starting - 10/5/2023, 14:59:05
================================================================

================================================================
======== txAdmin v6.0.2 atop fxserver 6683 Starting - 10/5/2023, 14:59:49
================================================================
[15:00:10][KaelKanaeru] logged in from 127.0.0.1 via password
[15:00:23][KaelKanaeru] executed "refresh"
[15:00:32][KaelKanaeru] executed "ensure "vehicles""
[15:08:42][KaelKanaeru] executed "ensure "vehicles""
[16:05:12][KaelKanaeru] executed "ensure "esx_jobs""
[16:53:46][KaelKanaeru] executed "RESTART SERVER"
[16:54:12][KaelKanaeru] executed "ensure "vehicles""
[17:00:32][KaelKanaeru] executed "stop "jsfour-idcard""

================================================================
======== txAdmin v6.0.2 atop fxserver 6683 Starting - 10/5/2023, 23:48:36
================================================================

================================================================
======== txAdmin v6.0.2 atop fxserver 6683 Starting - 10/5/2023, 23:52:47
================================================================
[23:53:12][KaelKanaeru] logged in from 127.0.0.1 via password
[23:53:36][KaelKanaeru] executed "ensure "vehicles""
