
================================================================
======== Log Rotated - 10/13/2023, 00:37:05                     
================================================================

================================================================
======== FXServer Starting - 10/13/2023, 00:37:11               
================================================================
[           resources] Scanning resources.
[           resources] Found 98 resources.
[          svadhesive] Authenticating server license key...
[          svadhesive] Server license key authentication succeeded. Welcome!
[    c-scripting-core] Creating script environments for sessionmanager
[           resources] Started resource sessionmanager
[    c-scripting-core] Creating script environments for monitor
[      script:monitor] [txAdmin] Resource v6.0.2 threads and commands set up. All Ready.
[           resources] Started resource monitor
[    c-scripting-core] Creating script environments for yarn
[           resources] Started resource yarn
[    c-scripting-core] Creating script environments for webpack
[           resources] Started resource webpack
[    c-scripting-core] Creating script environments for chat
[           resources] Started resource chat
[           resources] [0mStarted resource spawnmanager
[    c-scripting-core] Creating script environments for hardcap
[           resources] Started resource hardcap
[    c-scripting-core] Creating script environments for oxmysql
[38;5;83m[           resources] Started resource oxmysql
[           resources] Started resource bob74_ipl
[           resources] Started resource NoNPC
[    c-scripting-core] Creating script environments for cron
[           resources] Started resource cron
[38;5;161m[    c-scripting-core] Creating script environments for es_extended
[           resources] Started resource es_extended
[    c-scripting-core] Creating script environments for esx_context
[           resources] Started resource esx_context
[    c-scripting-core] Creating script environments for esx_status
[           resources] Started resource esx_status
[    c-scripting-core] [97mCreating script environments for esx_hud
[           resources] Started resource esx_hud
[    c-scripting-core] Creating script environments for esx_identity
[           resources] Started resource esx_identity
[    c-scripting-core] Creating script environments for esx_loadingscreen
[           resources] Started resource esx_loadingscreen
[           resources] Started resource esx_menu_default
[           resources] Started resource esx_menu_dialog
[           resources] Started resource esx_menu_list
[           resources] Started resource skinchanger
[    c-scripting-core] Creating script environments for esx_skin
[           resources] Started resource esx_skin
[    c-scripting-core] Creating script environments for esx_multicharacter
[           resources] Started resource esx_multicharacter
[    c-scripting-core] Creating script environments for esx_notify
[           resources] Started resource esx_notify
[    c-scripting-core] Creating script environments for esx_progressbar
[           resources] Started resource esx_progressbar
[    c-scripting-core] Creating script environments for esx_textui
[           resources] Started resource esx_textui
[38;5;83m[           resources] Started resource ic_bar
[    c-scripting-core] Creating script environments for LegacyFuel
[           resources] Started resource LegacyFuel
[    c-scripting-core] Creating script environments for jsfour-idcard
[           resources] Started resource jsfour-idcard
[    c-scripting-core] Creating script environments for pma-voice
[           resources] [97mStarted resource pma-voice
[    c-scripting-core] Creating script environments for ac_scoreboard
[resources:ac_scorebo] [93mWarning: could not find file `web/build/index.html` (defined in fxmanifest.lua:27)
[           resources] Started resource ac_scoreboard (1 warning)
[           resources] Started resource dpclothing
[    c-scripting-core] Creating script environments for dpemotes
[           resources] Started resource dpemotes
[    c-scripting-core] Creating script environments for esx-radio
[    c-scripting-core] Failed to load script @ox_lib/init.lua.
[           resources] Started resource esx-radio
[    c-scripting-core] Creating script environments for esx_addonaccount
[           resources] Started resource esx_addonaccount
[    c-scripting-core] Creating script environments for esx_addoninventory
[           resources] Started resource esx_addoninventory
[    c-scripting-core] Creating script environments for esx_vehicleshop
[           resources] Started resource esx_vehicleshop
[38;5;161m[    c-scripting-core] Creating script environments for esx_ambulancejob
[           resources] Started resource esx_ambulancejob
[    c-scripting-core] Creating script environments for esx_banking
[           resources] Started resource esx_banking
[    c-scripting-core] Creating script environments for esx_barbershop
[           resources] Started resource esx_barbershop
[    c-scripting-core] Creating script environments for esx_basicneeds
[           resources] Started resource esx_basicneeds
[    c-scripting-core] Creating script environments for esx_billing
[           resources] [0mStarted resource esx_billing
[    c-scripting-core] Creating script environments for esx_boat
[           resources] Started resource esx_boat
[    c-scripting-core] Creating script environments for esx_clotheshop
[           resources] Started resource esx_clotheshop
[    c-scripting-core] Creating script environments for esx_datastore
[           resources] Started resource esx_datastore
[    c-scripting-core] Creating script environments for esx_license
[           resources] Started resource esx_license
[    c-scripting-core] Creating script environments for esx_dmvschool
[           resources] Started resource esx_dmvschool
[    c-scripting-core] Creating script environments for esx_drugs
[           resources] Started resource esx_drugs
[    c-scripting-core] Creating script environments for esx_farmer
[           resources] Started resource esx_farmer
[    c-scripting-core] Creating script environments for esx_garage
[           resources] Started resource esx_garage
[    c-scripting-core] Creating script environments for esx_givevehicle
[           resources] Started resource esx_givevehicle
[    c-scripting-core] Creating script environments for esx_joblisting
[           resources] Started resource esx_joblisting
[    c-scripting-core] Creating script environments for esx_jobs
[           resources] Started resource esx_jobs
[    c-scripting-core] Creating script environments for esx_lscustom
[           resources] [0mStarted resource esx_lscustom
[    c-scripting-core] Creating script environments for esx_society
[           resources] Started resource esx_society
[    c-scripting-core] Creating script environments for esx_mechanicjob
[           resources] Started resource esx_mechanicjob
[    c-scripting-core] Creating script environments for esx_optionalneeds
[           resources] Started resource esx_optionalneeds
[    c-scripting-core] Creating script environments for esx_policejob
[           resources] Started resource esx_policejob
[    c-scripting-core] Creating script environments for esx_property
[38;5;83m[           resources] Started resource esx_property
[    c-scripting-core] Creating script environments for esx_rpchat
[           resources] Started resource esx_rpchat
[    c-scripting-core] Creating script environments for esx_service
[           resources] Started resource esx_service
[    c-scripting-core] Creating script environments for esx_shops
[           resources] Started resource esx_shops
[    c-scripting-core] Creating script environments for esx_sit
[           resources] Started resource esx_sit
[    c-scripting-core] Creating script environments for esx_taxijob
[           resources] Started resource esx_taxijob
[    c-scripting-core] Creating script environments for esx_weaponshop
[           resources] Started resource esx_weaponshop
[    c-scripting-core] Creating script environments for esx_wsync
[           resources] Started resource esx_wsync
[           resources] Started resource SimpleCarHUD
[           resources] Started resource ocrp_postal_map
[ citizen-server-impl] Couldn't find resource category [vehicles].
[           resources] [0mStarted resource a80ffeng
[           resources] Started resource gallardov10
[           resources] Started resource k20a
[           resources] Started resource kc144kawazx10rsc
[           resources] Started resource lambov10
[  resources:mazrx7fb] Warning: could not find client_script `vehicle_names.lua` (defined in __resource.lua:14)
[           resources] Started resource mazrx7fb (1 warning)
[  resources:r34sound] Warning: could not find client_script `vehicle_names.lua` (defined in __resource.lua:14)
[           resources] Started resource r34sound (1 warning)
[           resources] Started resource rotary7
[           resources] Started resource suzukigsxr1k
[           resources] Started resource tayamahar1
[      script:oxmysql] [10.4.28-MariaDB] Database server connection established!
[  script:es_extended] [INFO] ESX Legacy 1.10.1 initialized!
[     script:dpemotes] 
[     script:dpemotes] dp Emotes (dpemotes) is up to date. (173)
[      script:oxmysql] 2 2
[      script:oxmysql] 7 7
[      script:oxmysql] 4 5
[      script:oxmysql] An update is available for oxmysql (current version: 2.7.4)
[      script:oxmysql] https://github.com/overextended/oxmysql/releases/tag/v2.7.5
[ citizen-server-impl]         fff                          
[ citizen-server-impl]   cccc ff   xx  xx     rr rr    eee  
[ citizen-server-impl] cc     ffff   xx       rrr  r ee   e 
[ citizen-server-impl] cc     ff     xx   ... rr     eeeee  
[ citizen-server-impl]  ccccc ff   xx  xx ... rr      eeeee 
[ citizen-server-impl]                                      
[ citizen-server-impl] Authenticated with cfx.re Nucleus: https://kaelkanaeru-veak7q.users.cfx.re/
[      script:esx_hud] [INFO] esx_hud: You are using the latest version!
[ script:esx_property] [INFO] Added Property into datastore_data table
[ citizen-server-impl] server thread hitch warning: timer interval of 539 milliseconds
[ citizen-server-impl] sync thread hitch warning: timer interval of 108 milliseconds
[ citizen-server-impl] sync thread hitch warning: timer interval of 140 milliseconds
[ citizen-server-impl] server thread hitch warning: timer interval of 171 milliseconds
> txaReportResources
[      script:monitor] [txAdmin][97m Sending resources list to txAdmin.
> ensure "vehicles2"
[ resources:vehicles2] Warning: could not find file `data/**/*.xml` (defined in fxmanifest.lua:7)[0m
[ resources:vehicles2] Warning: could not find file `data/**/*.dat` (defined in fxmanifest.lua:7)
[ resources:vehicles2] Warning: could not find file `data/**/*.ytyp` (defined in fxmanifest.lua:7)
[resources:vehicles2:] Asset vehicles2/14bike.ytd uses 112.0 MiB of physical memory. Oversized assets can and WILL lead to streaming issues (such as models not loading/rendering).
[resources:vehicles2:] Asset vehicles2/14tesla.yft uses 23.5 MiB of virtual memory.
[resources:vehicles2:] Asset vehicles2/14tesla.ytd uses 114.0 MiB of physical memory. Oversized assets can and WILL lead to streaming issues (such as models not loading/rendering).
[resources:vehicles2:] [0mAsset vehicles2/14tesla_hi.yft uses 22.2 MiB of virtual memory.
[resources:vehicles2:] Asset vehicles2/19rangerraptorrb.yft uses 26.5 MiB of virtual memory.
[resources:vehicles2:] Asset vehicles2/19rangerraptorrb.ytd uses 111.0 MiB of physical memory. Oversized assets can and WILL lead to streaming issues (such as models not loading/rendering).
[resources:vehicles2:] Asset vehicles2/19rangerraptorrb_hi.yft uses 26.5 MiB of virtual memory.
[resources:vehicles2:] Asset vehicles2/909_21bronco.yft uses 27.2 MiB of virtual memory.
[resources:vehicles2:] Asset vehicles2/909_21bronco.ytd uses 88.0 MiB of physical memory. Oversized assets can and WILL lead to streaming issues (such as models not loading/rendering).
[resources:vehicles2:] Asset vehicles2/909_21bronco_hi.yft uses 27.2 MiB of virtual memory.
[resources:vehicles2:] Asset vehicles2/bmwm5.yft uses 23.0 MiB of virtual memory.
[resources:vehicles2:] Asset vehicles2/bmwm5.ytd uses 34.5 MiB of physical memory.
[resources:vehicles2:] Asset vehicles2/bmwm5_hi.yft uses 23.0 MiB of virtual memory.
[resources:vehicles2:] Asset vehicles2/broncorb.yft uses 26.5 MiB of virtual memory.
[resources:vehicles2:] Asset vehicles2/broncorb.ytd uses 226.0 MiB of physical memory. Oversized assets can and WILL lead to streaming issues (such as models not loading/rendering).
[resources:vehicles2:] Asset vehicles2/broncorb_hi.yft uses 26.5 MiB of virtual memory.
[resources:vehicles2:] Asset vehicles2/c8.yft uses 30.0 MiB of virtual memory.
[resources:vehicles2:] Asset vehicles2/c8.ytd uses 88.0 MiB of physical memory. Oversized assets can and WILL lead to streaming issues (such as models not loading/rendering).
[resources:vehicles2:] Asset vehicles2/c8_hi.yft uses 30.0 MiB of virtual memory.
[resources:vehicles2:] Asset vehicles2/durangoleo.yft uses 29.8 MiB of virtual memory.
[resources:vehicles2:] Asset vehicles2/durangoleo.ytd uses 64.0 MiB of physical memory. Oversized assets can and WILL lead to streaming issues (such as models not loading/rendering).
[resources:vehicles2:] Asset vehicles2/durangoleo_hi.yft uses 21.5 MiB of virtual memory.
[resources:vehicles2:] Asset vehicles2/f150+hi.ytd uses 32.0 MiB of physical memory.
[resources:vehicles2:] Asset vehicles2/f150.yft uses 21.4 MiB of virtual memory.
[resources:vehicles2:] Asset vehicles2/f150.ytd uses 176.0 MiB of physical memory. Oversized assets can and WILL lead to streaming issues (such as models not loading/rendering).
[resources:vehicles2:] Asset vehicles2/f150_hi.yft uses 21.4 MiB of virtual memory.
[resources:vehicles2:] Asset vehicles2/merce63+hi.ytd uses 78.0 MiB of physical memory. Oversized assets can and WILL lead to streaming issues (such as models not loading/rendering).
[resources:vehicles2:] Asset vehicles2/merce63.yft uses 24.3 MiB of virtual memory.
[resources:vehicles2:] Asset vehicles2/merce63.ytd uses 103.0 MiB of physical memory. Oversized assets can and WILL lead to streaming issues (such as models not loading/rendering).
[resources:vehicles2:] Asset vehicles2/merce63_hi.yft uses 24.3 MiB of virtual memory.
[resources:vehicles2:] Asset vehicles2/policeatvrb.ytd uses 42.0 MiB of physical memory.
[resources:vehicles2:] Asset vehicles2/policebikebb.yft uses 22.8 MiB of virtual memory.
[resources:vehicles2:] Asset vehicles2/policebikebb.ytd uses 58.0 MiB of physical memory. Oversized assets can and WILL lead to streaming issues (such as models not loading/rendering).
[resources:vehicles2:] Asset vehicles2/policebikebb_hi.yft uses 22.8 MiB of virtual memory.
[resources:vehicles2:] Asset vehicles2/s900unmarked.yft uses 30.5 MiB of virtual memory.
[resources:vehicles2:] Asset vehicles2/s900unmarked.ytd uses 83.5 MiB of physical memory. Oversized assets can and WILL lead to streaming issues (such as models not loading/rendering).
[resources:vehicles2:] Asset vehicles2/s900unmarked_hi.yft uses 30.5 MiB of virtual memory.
[resources:vehicles2:] Asset vehicles2/swathummer.yft uses 27.2 MiB of virtual memory.
[resources:vehicles2:] Asset vehicles2/swathummer.ytd uses 87.0 MiB of physical memory. Oversized assets can and WILL lead to streaming issues (such as models not loading/rendering).
[resources:vehicles2:] Asset vehicles2/swathummer_hi.yft uses 27.2 MiB of virtual memory.
[resources:vehicles2:] Asset vehicles2/unmdur.yft uses 29.2 MiB of virtual memory.
[resources:vehicles2:] Asset vehicles2/unmdur.ytd uses 59.0 MiB of physical memory. Oversized assets can and WILL lead to streaming issues (such as models not loading/rendering).
[resources:vehicles2:] Asset vehicles2/unmdur_hi.yft uses 29.2 MiB of virtual memory.
[resources:vehicles2:] Asset vehicles2/w18charger.yft uses 18.5 MiB of virtual memory.
[resources:vehicles2:] Asset vehicles2/w18charger.ytd uses 93.5 MiB of physical memory. Oversized assets can and WILL lead to streaming issues (such as models not loading/rendering).
[resources:vehicles2:] Asset vehicles2/w18charger_hi.yft uses 18.5 MiB of virtual memory.
[resources:vehicles2:] Asset vehicles2/yampolice.yft uses 17.8 MiB of virtual memory.
[resources:vehicles2:] Asset vehicles2/yampolice.ytd uses 34.0 MiB of physical memory.
[resources:vehicles2:] Asset vehicles2/yampolice_hi.yft uses 17.8 MiB of virtual memory.
[           resources] Started resource vehicles2 (52 warnings)
[ citizen-server-impl] server thread hitch warning: timer interval of 1016 milliseconds
> txaReportResources
[      script:monitor] [txAdmin] Sending resources list to txAdmin.
> ensure "vehicles"
> txaReportResources
[  resources:vehicles] Warning: could not find file `data/**/*.xml` (defined in fxmanifest.lua:7)
[  resources:vehicles] [93mWarning: could not find file `data/**/*.dat` (defined in fxmanifest.lua:7)
[38;5;102m[  resources:vehicles] Warning: could not find file `data/**/*.ytyp` (defined in fxmanifest.lua:7)
[resources:vehicles:s] Asset vehicles/anubis.yft uses 30.0 MiB of virtual memory.
[resources:vehicles:s] Asset vehicles/anubis.ytd uses 56.0 MiB of physical memory. Oversized assets can and WILL lead to streaming issues (such as models not loading/rendering).
[resources:vehicles:s] Asset vehicles/anubis_hi.yft uses 30.0 MiB of virtual memory.
[resources:vehicles:s] [94mAsset vehicles/crownbs.yft uses 30.5 MiB of virtual memory.
[resources:vehicles:s] Asset vehicles/crownbs.ytd uses 43.5 MiB of physical memory.
[resources:vehicles:s] Asset vehicles/crownbs_hi.yft uses 30.5 MiB of virtual memory.
[resources:vehicles:s] Asset vehicles/isfhr.yft uses 25.2 MiB of virtual memory.
[resources:vehicles:s] Asset vehicles/isfhr.ytd uses 53.0 MiB of physical memory. Oversized assets can and WILL lead to streaming issues (such as models not loading/rendering).
[resources:vehicles:s] Asset vehicles/isfhr_hi.yft uses 25.2 MiB of virtual memory.
[resources:vehicles:s] Asset vehicles/jazz.yft uses 30.8 MiB of virtual memory.
[resources:vehicles:s] Asset vehicles/jazz_hi.yft uses 30.8 MiB of virtual memory.
[resources:vehicles:s] Asset vehicles/mgt.ytd uses 18.8 MiB of physical memory.
[resources:vehicles:s] Asset vehicles/zx6r.yft uses 16.8 MiB of virtual memory.
[resources:vehicles:s] Asset vehicles/zx6r.ytd uses 76.0 MiB of physical memory. Oversized assets can and WILL lead to streaming issues (such as models not loading/rendering).
[resources:vehicles:s] Asset vehicles/zx6r14.ytd uses 66.0 MiB of physical memory. Oversized assets can and WILL lead to streaming issues (such as models not loading/rendering).
[resources:vehicles:s] Asset vehicles/zx6r14_livery.ytd uses 64.0 MiB of physical memory. Oversized assets can and WILL lead to streaming issues (such as models not loading/rendering).
[resources:vehicles:s] Asset vehicles/zx6r14_tuning.ytd uses 72.0 MiB of physical memory. Oversized assets can and WILL lead to streaming issues (such as models not loading/rendering).
[resources:vehicles:s] Asset vehicles/zx6r_hi.yft uses 16.8 MiB of virtual memory.
[resources:vehicles:s] Asset vehicles/zx6r_livery.ytd uses 128.0 MiB of physical memory. Oversized assets can and WILL lead to streaming issues (such as models not loading/rendering).
[resources:vehicles:s] Asset vehicles/zx6r_tuning.ytd uses 144.0 MiB of physical memory. Oversized assets can and WILL lead to streaming issues (such as models not loading/rendering).
[           resources] Started resource vehicles (23 warnings)
[ citizen-server-impl] server thread hitch warning: timer interval of 4515 milliseconds
[      script:monitor] [txAdmin] Sending resources list to txAdmin.
> txaReportResources
[      script:monitor] [36m[txAdmin] Sending resources list to txAdmin.
[ citizen-server-impl] sync thread hitch warning: timer interval of 164 milliseconds
[ citizen-server-impl] network thread hitch warning: timer interval of 172 milliseconds
[ citizen-server-impl] server thread hitch warning: timer interval of 229 milliseconds
[ citizen-server-impl] sync thread hitch warning: timer interval of 108 milliseconds
[ citizen-server-impl] server thread hitch warning: timer interval of 158 milliseconds
[ citizen-server-impl] sync thread hitch warning: timer interval of 110 milliseconds
[ citizen-server-impl] Server list query returned an error: System.Net.Sockets.SocketException: Connection refused <- System.Net.Http.HttpRequestException: Connection refused (180.254.173.224:30120)
[ citizen-server-impl] server thread hitch warning: timer interval of 174 milliseconds
[ citizen-server-impl] sync thread hitch warning: timer interval of 110 milliseconds
[ citizen-server-impl] sync thread hitch warning: timer interval of 123 milliseconds
[ citizen-server-impl] sync thread hitch warning: timer interval of 113 milliseconds
[ citizen-server-impl] sync thread hitch warning: timer interval of 171 milliseconds
[ citizen-server-impl] network thread hitch warning: timer interval of 177 milliseconds
[ citizen-server-impl] server thread hitch warning: timer interval of 211 milliseconds
[ citizen-server-impl] sync thread hitch warning: timer interval of 130 milliseconds
[ citizen-server-impl] server thread hitch warning: timer interval of 182 milliseconds
[ citizen-server-impl] sync thread hitch warning: timer interval of 128 milliseconds
[ citizen-server-impl] sync thread hitch warning: timer interval of 115 milliseconds
[ citizen-server-impl] sync thread hitch warning: timer interval of 105 milliseconds
[ citizen-server-impl] server thread hitch warning: timer interval of 178 milliseconds
[ citizen-server-impl] sync thread hitch warning: timer interval of 125 milliseconds
[ citizen-server-impl] sync thread hitch warning: timer interval of 102 milliseconds
[ citizen-server-impl] sync thread hitch warning: timer interval of 138 milliseconds
[ citizen-server-impl] server thread hitch warning: timer interval of 182 milliseconds
[ citizen-server-impl] sync thread hitch warning: timer interval of 107 milliseconds
[ citizen-server-impl] sync thread hitch warning: timer interval of 101 milliseconds
[ citizen-server-impl] sync thread hitch warning: timer interval of 136 milliseconds
[ citizen-server-impl] server thread hitch warning: timer interval of 162 milliseconds
[ citizen-server-impl] sync thread hitch warning: timer interval of 121 milliseconds
[ citizen-server-impl] server thread hitch warning: timer interval of 158 milliseconds
[ citizen-server-impl] sync thread hitch warning: timer interval of 122 milliseconds
[ citizen-server-impl] sync thread hitch warning: timer interval of 104 milliseconds
[ citizen-server-impl] sync thread hitch warning: timer interval of 113 milliseconds
[ citizen-server-impl] sync thread hitch warning: timer interval of 106 milliseconds
[ citizen-server-impl] sync thread hitch warning: timer interval of 114 milliseconds
[ citizen-server-impl] sync thread hitch warning: timer interval of 106 milliseconds
[ citizen-server-impl] sync thread hitch warning: timer interval of 106 milliseconds
[ citizen-server-impl] sync thread hitch warning: timer interval of 106 milliseconds
[ citizen-server-impl] sync thread hitch warning: timer interval of 111 milliseconds
[ citizen-server-impl] sync thread hitch warning: timer interval of 133 milliseconds
[ citizen-server-impl] server thread hitch warning: timer interval of 173 milliseconds
[ citizen-server-impl] sync thread hitch warning: timer interval of 107 milliseconds
[38;5;73m[ citizen-server-impl] sync thread hitch warning: timer interval of 103 milliseconds
[ citizen-server-impl] sync thread hitch warning: timer interval of 104 milliseconds
[      script:hardcap] [0mConnecting: Lanaya
[ citizen-server-impl] network thread hitch warning: timer interval of 213 milliseconds
[38;5;73m[ citizen-server-impl] server thread hitch warning: timer interval of 210 milliseconds
[ citizen-server-impl] server thread hitch warning: timer interval of 232 milliseconds
[ citizen-server-impl] Server list query returned an error: System.Net.Sockets.SocketException: Connection refused <- System.Net.Http.HttpRequestException: Connection refused (180.254.173.224:30120)
[  script:es_extended] [[32mINFO] Player "Bejo Kontol" has connected to the server. ID: 1
[      script:hardcap] Connecting: Mєmbunuh Kuman
[    script:esx_wsync] [esx_wsync] New random weather type has been generated: EXTRASUNNY.
[    script:esx_wsync] 
[    script:esx_wsync] [esx_wsync] Resetting timer to 10 min.
[    script:esx_wsync] 
[ citizen-server-impl] Server list query returned an error: System.Net.Sockets.SocketException: Connection refused <- System.Net.Http.HttpRequestException: Connection refused (180.254.173.224:30120)
> stop "esx_hud"
[38;5;83m[           resources] Stopping resource esx_hud
[ citizen-server-impl] server thread hitch warning: timer interval of 320 milliseconds
[  script:es_extended] [INFO] Player "Bapiii Morrow" has connected to the server. ID: 2
> txaReportResources
[      script:monitor] [txAdmin] Sending resources list to txAdmin.
[38;5;73m[ citizen-server-impl] server thread hitch warning: timer interval of 415 milliseconds
[ citizen-server-impl] server thread hitch warning: timer interval of 369 milliseconds
[ citizen-server-impl] server thread hitch warning: timer interval of 1107 milliseconds
[ citizen-server-impl] server thread hitch warning: timer interval of 566 milliseconds
[ citizen-server-impl] [0mserver thread hitch warning: timer interval of 1946 milliseconds
[ citizen-server-impl] server thread hitch warning: timer interval of 155 milliseconds
[ citizen-server-impl] [91mServer list query returned an error: System.Net.Sockets.SocketException: Connection refused <- System.Net.Http.HttpRequestException: Connection refused (180.254.173.224:30120)
[  script:es_extended] [INFO] Saved 2 players over 0.0 ms
[ citizen-server-impl] server thread hitch warning: timer interval of 155 milliseconds
[ citizen-server-impl] sync thread hitch warning: timer interval of 112 milliseconds
[ citizen-server-impl] sync thread hitch warning: timer interval of 111 milliseconds
[ citizen-server-impl] sync thread hitch warning: timer interval of 108 milliseconds
[ citizen-server-impl] server thread hitch warning: timer interval of 158 milliseconds
[ citizen-server-impl] Server list query returned an error: System.Net.Sockets.SocketException: Connection refused <- System.Net.Http.HttpRequestException: Connection refused (180.254.173.224:30120)
[ citizen-server-impl] server thread hitch warning: timer interval of 194 milliseconds
[38;5;73m[ citizen-server-impl] server thread hitch warning: timer interval of 193 milliseconds
[ citizen-server-impl] network thread hitch warning: timer interval of 220 milliseconds
[38;5;73m[ citizen-server-impl] Server list query returned an error: System.Net.Sockets.SocketException: Connection refused <- System.Net.Http.HttpRequestException: Connection refused (180.254.173.224:30120)
[    script:esx_wsync] [esx_wsync] New random weather type has been generated: EXTRASUNNY.
[    script:esx_wsync] 
[    script:esx_wsync] [esx_wsync] Resetting timer to 15 min.
[    script:esx_wsync] 
[ citizen-server-impl] server thread hitch warning: timer interval of 287 milliseconds
[ citizen-server-impl] server thread hitch warning: timer interval of 484 milliseconds
[ citizen-server-impl] [91mServer list query returned an error: System.Net.Sockets.SocketException: Connection refused <- System.Net.Http.HttpRequestException: Connection refused (180.254.173.224:30120)
[ citizen-server-impl] server thread hitch warning: timer interval of 158 milliseconds
[  script:es_extended] [INFO] Saved 2 players over 0.0 ms
[ citizen-server-impl] Server list query returned an error: System.Net.Sockets.SocketException: Connection refused <- System.Net.Http.HttpRequestException: Connection refused (180.254.173.224:30120)
[ citizen-server-impl] server thread hitch warning: timer interval of 181 milliseconds
[ citizen-server-impl] sync thread hitch warning: timer interval of 193 milliseconds
[ citizen-server-impl] server thread hitch warning: timer interval of 175 milliseconds
[ citizen-server-impl] sync thread hitch warning: timer interval of 128 milliseconds
[ citizen-server-impl] server thread hitch warning: timer interval of 185 milliseconds
[ citizen-server-impl] sync thread hitch warning: timer interval of 233 milliseconds
[ citizen-server-impl] server thread hitch warning: timer interval of 155 milliseconds
[ citizen-server-impl] sync thread hitch warning: timer interval of 111 milliseconds
[ citizen-server-impl] Server list query returned an error: System.Net.Sockets.SocketException: Connection refused <- System.Net.Http.HttpRequestException: Connection refused (180.254.173.224:30120)
[ citizen-server-impl] server thread hitch warning: timer interval of 160 milliseconds
[ citizen-server-impl] sync thread hitch warning: timer interval of 229 milliseconds
[ citizen-server-impl] sync thread hitch warning: timer interval of 240 milliseconds
[38;5;73m[ citizen-server-impl] Server list query returned an error: System.Net.Sockets.SocketException: Connection refused <- System.Net.Http.HttpRequestException: Connection refused (180.254.173.224:30120)
[ citizen-server-impl] server thread hitch warning: timer interval of 153 milliseconds
[ citizen-server-impl] sync thread hitch warning: timer interval of 110 milliseconds
[ citizen-server-impl] sync thread hitch warning: timer interval of 102 milliseconds
[  script:esx_service] [WARNING] Attempted To Use Inactive Service - police
[  script:esx_service] SCRIPT ERROR: @esx_service/server/main.lua:31: bad argument #1 to 'for iterator' (table expected, got nil)
[  script:esx_service] > handler (@esx_service/server/main.lua:31)
[ citizen-server-impl] sync thread hitch warning: timer interval of 152 milliseconds
[  script:esx_service] [WARNING] Attempted To Use Inactive Service - police
[38;5;32m[  script:esx_service] SCRIPT ERROR: @esx_service/server/main.lua:31: bad argument #1 to 'for iterator' (table expected, got nil)
[  script:esx_service] > handler (@esx_service/server/main.lua:31)
[ citizen-server-impl] sync thread hitch warning: timer interval of 256 milliseconds
[ citizen-server-impl] sync thread hitch warning: timer interval of 149 milliseconds
[ citizen-server-impl] sync thread hitch warning: timer interval of 299 milliseconds
[ citizen-server-impl] sync thread hitch warning: timer interval of 184 milliseconds
[ citizen-server-impl] sync thread hitch warning: timer interval of 1902 milliseconds
[ citizen-server-impl] network thread hitch warning: timer interval of 1789 milliseconds
[ citizen-server-impl] sync thread hitch warning: timer interval of 113 milliseconds
[ citizen-server-impl] sync thread hitch warning: timer interval of 111 milliseconds
[ citizen-server-impl] Server list query returned an error: System.Net.Sockets.SocketException: Connection refused <- System.Net.Http.HttpRequestException: Connection refused (180.254.173.224:30120)
[ citizen-server-impl] sync thread hitch warning: timer interval of 104 milliseconds
[  script:es_extended] [INFO] Saved 2 players over 0.0 ms
[    script:esx_wsync] [esx_wsync] New random weather type has been generated: EXTRASUNNY.
[    script:esx_wsync] 
[    script:esx_wsync] [esx_wsync] Resetting timer to 10 min.
[    script:esx_wsync] 
> ensure "ic_bar"
[38;5;83m[           resources] Stopping resource ic_bar
[           resources] Started resource ic_bar
[ citizen-server-impl] server thread hitch warning: timer interval of 1420 milliseconds
> txaReportResources
[      script:monitor] [txAdmin] Sending resources list to txAdmin.
[ citizen-server-impl] sync thread hitch warning: timer interval of 109 milliseconds
[ citizen-server-impl] server thread hitch warning: timer interval of 152 milliseconds
[ citizen-server-impl] sync thread hitch warning: timer interval of 129 milliseconds
[ citizen-server-impl] server thread hitch warning: timer interval of 219 milliseconds
[ citizen-server-impl] sync thread hitch warning: timer interval of 103 milliseconds
[ citizen-server-impl] sync thread hitch warning: timer interval of 110 milliseconds
[ citizen-server-impl] sync thread hitch warning: timer interval of 102 milliseconds
[ citizen-server-impl] server thread hitch warning: timer interval of 151 milliseconds
[ citizen-server-impl] sync thread hitch warning: timer interval of 118 milliseconds
[ citizen-server-impl] server thread hitch warning: timer interval of 158 milliseconds
[38;5;73m[ citizen-server-impl] Server list query returned an error: System.Net.Sockets.SocketException: Connection refused <- System.Net.Http.HttpRequestException: Connection refused (180.254.173.224:30120)
> ensure "esx_basicneeds"
[           resources] Stopping resource esx_basicneeds
[    c-scripting-core] Creating script environments for esx_basicneeds
[38;5;220m[  script:es_extended] [WARNING] Command "heal" already registered, overriding command
[           resources] Started resource esx_basicneeds
[ citizen-server-impl] server thread hitch warning: timer interval of 422 milliseconds
> txaReportResources
[      script:monitor] [txAdmin] Sending resources list to txAdmin.
[ citizen-server-impl] sync thread hitch warning: timer interval of 109 milliseconds
[ citizen-server-impl] Server list query returned an error: System.Net.Sockets.SocketException: Connection refused <- System.Net.Http.HttpRequestException: Connection refused (180.254.173.224:30120)
[ citizen-server-impl] sync thread hitch warning: timer interval of 101 milliseconds
[ citizen-server-impl] server thread hitch warning: timer interval of 163 milliseconds
[ citizen-server-impl] sync thread hitch warning: timer interval of 126 milliseconds
[ citizen-server-impl] sync thread hitch warning: timer interval of 119 milliseconds
[ citizen-server-impl] sync thread hitch warning: timer interval of 186 milliseconds
[ citizen-server-impl] sync thread hitch warning: timer interval of 163 milliseconds
[ citizen-server-impl] server thread hitch warning: timer interval of 205 milliseconds
[ citizen-server-impl] sync thread hitch warning: timer interval of 275 milliseconds
[38;5;73m[ citizen-server-impl] sync thread hitch warning: timer interval of 204 milliseconds
[ citizen-server-impl] Server list query returned an error: System.Net.Sockets.SocketException: Connection refused <- System.Net.Http.HttpRequestException: Connection refused (180.254.173.224:30120)
[ citizen-server-impl] sync thread hitch warning: timer interval of 283 milliseconds
[38;5;73m[ citizen-server-impl] sync thread hitch warning: timer interval of 142 milliseconds
[ citizen-server-impl] network thread hitch warning: timer interval of 159 milliseconds
[ citizen-server-impl] sync thread hitch warning: timer interval of 269 milliseconds
[ citizen-server-impl] sync thread hitch warning: timer interval of 311 milliseconds
[  script:es_extended] [INFO] Saved 2 players over 0.0 ms
[    script:esx_wsync] [esx_wsync] New random weather type has been generated: EXTRASUNNY.
[    script:esx_wsync] 
[    script:esx_wsync] [esx_wsync] Resetting timer to 15 min.
[    script:esx_wsync] 
[ citizen-server-impl] server thread hitch warning: timer interval of 250 milliseconds
[38;5;73m[ citizen-server-impl] network thread hitch warning: timer interval of 347 milliseconds
[ citizen-server-impl] sync thread hitch warning: timer interval of 165 milliseconds
[ citizen-server-impl] sync thread hitch warning: timer interval of 282 milliseconds
[ citizen-server-impl] server thread hitch warning: timer interval of 209 milliseconds
[38;5;73m[ citizen-server-impl] server thread hitch warning: timer interval of 214 milliseconds
[ citizen-server-impl] network thread hitch warning: timer interval of 186 milliseconds
[ citizen-server-impl] [91mServer list query returned an error: System.Net.Sockets.SocketException: Connection refused <- System.Net.Http.HttpRequestException: Connection refused (180.254.173.224:30120)
[ citizen-server-impl] sync thread hitch warning: timer interval of 111 milliseconds
[38;5;73m[ citizen-server-impl] server thread hitch warning: timer interval of 252 milliseconds
[  script:es_extended] [INFO] Saved player "Bapiii Morrow"
[ citizen-server-impl] Server list query returned an error: System.Net.Sockets.SocketException: Connection refused <- System.Net.Http.HttpRequestException: Connection refused (180.254.173.224:30120)
[ citizen-server-impl] sync thread hitch warning: timer interval of 108 milliseconds
[  script:es_extended] [INFO] Saved player "Bejo Kontol"
[ citizen-server-impl] Server list query returned an error: System.Net.Sockets.SocketException: Connection refused <- System.Net.Http.HttpRequestException: Connection refused (180.254.173.224:30120)
[ citizen-server-main] -> Quitting: SIGHUP received
[ citizen-server-impl] server thread hitch warning: timer interval of 186 milliseconds
