
================================================================
======== txAdmin Starting - 10/4/2023, 15:48:04                 
================================================================

================================================================
======== Log Rotated - 10/4/2023, 15:48:04                      
================================================================
[15:48:27] txAdmin: Logger started
[15:49:33] [qAJVQ#1] Lanaya: joined with identifiers [license:5c6c4e0a452aac736553fa42e416510a1c8540d5; live:914802132220478; discord:377375684089348097; license2:5c6c4e0a452aac736553fa42e416510a1c8540d5]
[16:23:23] [qAJVQ#1] Lanaya: said "/belibibit"
[16:56:09] txAdmin: ((Broadcast) KaelKanaeru): said "yang baca goblok"
[16:56:25] txAdmin: ((Broadcast) KaelKanaeru): said "yang baca bego"
[16:56:45] txAdmin: ((Broadcast) KaelKanaeru): said "yang baca temennya piky"
[16:58:58] txAdmin: ((Broadcast) KaelKanaeru): said "yang baca temen piky"
[16:59:31] txAdmin: ((Broadcast) KaelKanaeru): said "yang baca saudara piky"
[17:18:47] [qAJVQ#1] Lanaya: caused an explosion (PETROL_PUMP)
[17:18:47] [qAJVQ#1] Lanaya: died from suicide (Explosion)
[17:51:31] [qAJVQ#1] Lanaya: disconnected (Couldn't load resource esx_farmer: Couldn't load resource esx_farmer from resources:/esx_farmer/: Co)
[17:53:05] [qAJVQ#2] Lanaya: joined with identifiers [license:5c6c4e0a452aac736553fa42e416510a1c8540d5; live:914802132220478; discord:377375684089348097; license2:5c6c4e0a452aac736553fa42e416510a1c8540d5]
[17:54:59] [qAJVQ#2] Lanaya: said "/farmer"
[17:55:03] [qAJVQ#2] Lanaya: said "/farmer"
[17:55:19] [qAJVQ#2] Lanaya: said "/farmer"
[17:57:09] [qAJVQ#2] Lanaya: said "/farmer"
[17:57:17] [qAJVQ#2] Lanaya: said "/farmer"
[17:59:32] [qAJVQ#2] Lanaya: said "/farmer"
[18:00:38] [qAJVQ#2] Lanaya: said "/farmer"
[18:01:24] [qAJVQ#2] Lanaya: said "/farmer"
[18:04:46] [qAJVQ#2] Lanaya: said "/farmer"
[18:05:39] [qAJVQ#2] Lanaya: said "/petani"
[18:05:48] [qAJVQ#2] Lanaya: disconnected (Exiting)

================================================================
======== txAdmin Starting - 10/4/2023, 18:06:13                 
================================================================
[18:06:19] txAdmin: Logger started

================================================================
======== txAdmin Starting - 10/4/2023, 18:06:46                 
================================================================
[18:07:06] txAdmin: Logger started

================================================================
======== txAdmin Starting - 10/4/2023, 18:07:57                 
================================================================
[18:08:01] txAdmin: Logger started
[18:08:57] [4nLtB#1] Lanaya: joined with identifiers [license:5c6c4e0a452aac736553fa42e416510a1c8540d5; live:914802132220478; discord:377375684089348097; license2:5c6c4e0a452aac736553fa42e416510a1c8540d5]
[18:12:34] [4nLtB#1] Lanaya: disconnected (Server shutting down: SIGHUP received)

================================================================
======== txAdmin Starting - 10/4/2023, 18:12:57                 
================================================================
[18:13:09] txAdmin: Logger started
[18:13:27] [hfRAL#1] Lanaya: joined with identifiers [license:5c6c4e0a452aac736553fa42e416510a1c8540d5; live:914802132220478; discord:377375684089348097; license2:5c6c4e0a452aac736553fa42e416510a1c8540d5]
[18:25:15] [hfRAL#1] Lanaya: said "/farmer"
[18:25:18] [hfRAL#1] Lanaya: said "/petani"
[18:39:34] [hfRAL#1] Lanaya: said "/farmer"
[18:39:55] [hfRAL#1] Lanaya: said "/petani"
[18:40:37] [hfRAL#1] Lanaya: disconnected (Exiting)

================================================================
======== txAdmin Starting - 10/4/2023, 18:42:08                 
================================================================
[18:42:13] txAdmin: Logger started
[18:43:18] [N9gnE#1] Lanaya: joined with identifiers [license:5c6c4e0a452aac736553fa42e416510a1c8540d5; live:914802132220478; discord:377375684089348097; license2:5c6c4e0a452aac736553fa42e416510a1c8540d5]
[18:57:19] [N9gnE#1] Lanaya: died from suicide (Falling)
[19:54:24] [N9gnE#1] Lanaya: died from suicide
[20:45:15] [N9gnE#1] Lanaya: disconnected (Exiting)

================================================================
======== txAdmin Starting - 10/4/2023, 22:56:11                 
================================================================
[22:56:33] txAdmin: Logger started
[23:01:11] [iRmqD#1] Lanaya: joined with identifiers [license:5c6c4e0a452aac736553fa42e416510a1c8540d5; live:914802132220478; discord:377375684089348097; license2:5c6c4e0a452aac736553fa42e416510a1c8540d5]
[23:02:30] [iRmqD#2] Mєmbunuh Kuman: joined with identifiers [license:f3c4e3230175094d5d02536d7c86fa28b1aa08f4; xbl:2535428800417856; live:985153851009620; discord:580990788058742784; fivem:8711504; license2:3db48a3e36e905c22c7c58f04ad6b96e5ee97901]
[23:09:22] [iRmqD#2] Mєmbunuh Kuman: disconnected (Exiting)
[23:26:34] [iRmqD#1] Lanaya: disconnected (Server shutting down: SIGHUP received)

================================================================
======== txAdmin Starting - 10/4/2023, 23:27:21                 
================================================================

================================================================
======== txAdmin Starting - 10/4/2023, 23:28:41                 
================================================================
[23:29:15] txAdmin: Logger started
[23:33:04] [8B3Bt#1] Mєmbunuh Kuman: joined with identifiers [license:f3c4e3230175094d5d02536d7c86fa28b1aa08f4; xbl:2535428800417856; live:985153851009620; discord:580990788058742784; fivem:8711504; license2:3db48a3e36e905c22c7c58f04ad6b96e5ee97901]
[23:33:15] [8B3Bt#2] Lanaya: joined with identifiers [license:5c6c4e0a452aac736553fa42e416510a1c8540d5; live:914802132220478; discord:377375684089348097; license2:5c6c4e0a452aac736553fa42e416510a1c8540d5]
[23:38:03] [8B3Bt#1] Mєmbunuh Kuman: said "/duty"
[23:40:34] [8B3Bt#1] Mєmbunuh Kuman: said "/hudsetting"
[23:40:58] [8B3Bt#1] Mєmbunuh Kuman: said "/hudsetting"
[23:41:03] [8B3Bt#1] Mєmbunuh Kuman: said "/hudsetting "
