
================================================================
======== Log Rotated - 10/6/2023, 00:00:00                      
================================================================
[00:21:05] [hMnNG#2] Mєmbunuh Kuman: said " "
[00:27:39] [hMnNG#2] Mєmbunuh Kuman: died from suicide
[00:33:59] [hMnNG#1] Lanaya: died from suicide (Ranover by Vehicle)
[00:40:07] [hMnNG#1] Lanaya: died from suicide (Ranover by Vehicle)
[01:02:17] [hMnNG#2] Mєmbunuh Kuman: died from suicide
[01:05:50] [hMnNG#2] Mєmbunuh Kuman: caused an explosion (PLANE_ROCKET)
[01:06:02] [hMnNG#2] Mєmbunuh Kuman: caused an explosion (PLANE_ROCKET)
[01:06:05] [hMnNG#2] Mєmbunuh Kuman: caused an explosion (PLANE_ROCKET)
[01:06:20] [hMnNG#2] Mєmbunuh Kuman: caused an explosion (PLANE_ROCKET)
[01:06:21] [hMnNG#2] Mєmbunuh Kuman: caused an explosion (PLANE_ROCKET)
[01:06:33] [hMnNG#2] Mєmbunuh Kuman: caused an explosion (PLANE_ROCKET)
[01:06:50] [hMnNG#2] Mєmbunuh Kuman: died from suicide (Ranover by Vehicle)
[01:07:03] [hMnNG#2] Mєmbunuh Kuman: said "/pancing"
[01:07:03] [hMnNG#2] Mєmbunuh Kuman: said "/crate"
[01:07:03] [hMnNG#2] Mєmbunuh Kuman: said "/loadcrate"
[01:07:03] [hMnNG#2] Mєmbunuh Kuman: said "/unloadcrate"
[01:07:03] [hMnNG#2] Mєmbunuh Kuman: said "/PUTcrate"
[01:07:03] [hMnNG#2] Mєmbunuh Kuman: said "/dropdelmark"
[01:07:03] [hMnNG#2] Mєmbunuh Kuman: said "/securearea"
[01:07:09] [hMnNG#2] Mєmbunuh Kuman: said "/pancing"
[01:07:09] [hMnNG#2] Mєmbunuh Kuman: said "/crate"
[01:07:09] [hMnNG#2] Mєmbunuh Kuman: said "/loadcrate"
[01:07:09] [hMnNG#2] Mєmbunuh Kuman: said "/unloadcrate"
[01:07:09] [hMnNG#2] Mєmbunuh Kuman: said "/PUTcrate"
[01:07:09] [hMnNG#2] Mєmbunuh Kuman: said "/dropdelmark"
[01:07:09] [hMnNG#2] Mєmbunuh Kuman: said "/securearea"
[01:08:48] [hMnNG#2] Mєmbunuh Kuman: caused an explosion (ROCKET)
[01:08:52] [hMnNG#2] Mєmbunuh Kuman: caused an explosion (ROCKET)
[01:08:56] [hMnNG#2] Mєmbunuh Kuman: caused an explosion (ROCKET)
[01:09:01] [hMnNG#2] Mєmbunuh Kuman: caused an explosion (ROCKET)
[01:09:05] [hMnNG#2] Mєmbunuh Kuman: caused an explosion (ROCKET)
[01:09:10] [hMnNG#2] Mєmbunuh Kuman: caused an explosion (ROCKET)
[01:09:15] [hMnNG#2] Mєmbunuh Kuman: caused an explosion (ROCKET)
[01:09:21] [hMnNG#2] Mєmbunuh Kuman: caused an explosion (ROCKET)
[01:10:03] [hMnNG#2] Mєmbunuh Kuman: caused an explosion (ROCKET)
[01:10:06] [hMnNG#2] Mєmbunuh Kuman: caused an explosion (ROCKET)
[01:10:34] [hMnNG#2] Mєmbunuh Kuman: caused an explosion (FIREWORK)
[01:10:42] [hMnNG#2] Mєmbunuh Kuman: caused an explosion (FIREWORK)
[01:10:46] [hMnNG#2] Mєmbunuh Kuman: caused an explosion (FIREWORK)
[01:10:49] [hMnNG#2] Mєmbunuh Kuman: caused an explosion (FIREWORK)
[01:10:51] [hMnNG#2] Mєmbunuh Kuman: caused an explosion (FIREWORK)
[01:10:55] [hMnNG#2] Mєmbunuh Kuman: caused an explosion (FIREWORK)
[01:11:06] [hMnNG#2] Mєmbunuh Kuman: caused an explosion (FIREWORK)
[01:11:10] [hMnNG#2] Mєmbunuh Kuman: caused an explosion (FIREWORK)
[01:11:16] [hMnNG#2] Mєmbunuh Kuman: caused an explosion (FIREWORK)
[01:11:21] [hMnNG#2] Mєmbunuh Kuman: caused an explosion (FIREWORK)
[01:11:25] [hMnNG#2] Mєmbunuh Kuman: caused an explosion (FIREWORK)
[01:11:28] [hMnNG#2] Mєmbunuh Kuman: caused an explosion (FIREWORK)
[01:11:31] [hMnNG#2] Mєmbunuh Kuman: caused an explosion (FIREWORK)
[01:11:43] [hMnNG#2] Mєmbunuh Kuman: caused an explosion (FIREWORK)
[01:11:50] [hMnNG#2] Mєmbunuh Kuman: caused an explosion (FIREWORK)
[01:13:46] [hMnNG#2] Mєmbunuh Kuman: died from unknown by Lanaya
[01:14:00] [hMnNG#1] Lanaya: caused an explosion (PETROL_PUMP)
[01:14:57] [hMnNG#1] Lanaya: caused an explosion (STICKYBOMB)
[01:15:01] [hMnNG#1] Lanaya: caused an explosion (STICKYBOMB)
[01:15:09] [hMnNG#2] Mєmbunuh Kuman: caused an explosion (STICKYBOMB)
[01:15:09] [hMnNG#1] Lanaya: caused an explosion (STICKYBOMB)
[01:15:12] [hMnNG#2] Mєmbunuh Kuman: caused an explosion (STICKYBOMB)
[01:15:43] [hMnNG#1] Lanaya: caused an explosion (PROXMINE)
[01:15:43] [hMnNG#2] Mєmbunuh Kuman: caused an explosion (PROXMINE)
[01:15:51] [hMnNG#1] Lanaya: caused an explosion (PROXMINE)
[01:15:51] [hMnNG#1] Lanaya: caused an explosion (CAR)
[01:15:51] [hMnNG#1] Lanaya: died from Proximity Mine by Mєmbunuh Kuman
[01:16:40] [hMnNG#2] Mєmbunuh Kuman: caused an explosion (PROXMINE)
[01:16:40] [hMnNG#2] Mєmbunuh Kuman: caused an explosion (TRUCK)
[01:16:41] [hMnNG#2] Mєmbunuh Kuman: died from suicide (Explosion)
[01:16:53] [hMnNG#2] Mєmbunuh Kuman: died from Heavy Sniper by Lanaya
[01:17:03] [hMnNG#2] Mєmbunuh Kuman: died from Heavy Sniper by Lanaya
[01:18:07] [hMnNG#2] Mєmbunuh Kuman: caused an explosion (PROXMINE)
[01:18:08] [hMnNG#1] Lanaya: caused an explosion (PROXMINE)
[01:18:08] [hMnNG#1] Lanaya: caused an explosion (TRUCK)
[01:18:08] [hMnNG#2] Mєmbunuh Kuman: caused an explosion (PROXMINE)
[01:18:17] [hMnNG#1] Lanaya: died from Double Action Revolver by Mєmbunuh Kuman
[01:18:41] [hMnNG#1] Lanaya: caused an explosion (STICKYBOMB)
[01:18:41] [hMnNG#2] Mєmbunuh Kuman: caused an explosion (STICKYBOMB)
[01:18:45] [hMnNG#1] Lanaya: caused an explosion (STICKYBOMB)
[01:18:46] [hMnNG#2] Mєmbunuh Kuman: died from Sticky Bomb by Lanaya
[01:18:53] [hMnNG#2] Mєmbunuh Kuman: caused an explosion (PROXMINE)
[01:18:53] [hMnNG#1] Lanaya: caused an explosion (PROXMINE)
[01:18:53] [hMnNG#1] Lanaya: caused an explosion (TRUCK)
[01:18:53] [hMnNG#1] Lanaya: caused an explosion (STICKYBOMB)
[01:18:54] [hMnNG#2] Mєmbunuh Kuman: caused an explosion (STICKYBOMB)
[01:18:57] [hMnNG#1] Lanaya: caused an explosion (STICKYBOMB)
[01:19:03] [hMnNG#1] Lanaya: caused an explosion (STICKYBOMB)
[01:19:03] [hMnNG#1] Lanaya: caused an explosion (STICKYBOMB)
[01:19:03] [hMnNG#1] Lanaya: caused an explosion (TRUCK)
[01:19:08] [hMnNG#1] Lanaya: died from Pool Cue by Mєmbunuh Kuman
[01:20:07] [hMnNG#1] Lanaya: died from Switch Blade by Mєmbunuh Kuman
[01:20:45] [hMnNG#1] Lanaya: caused an explosion (STICKYBOMB)
[01:20:45] [hMnNG#1] Lanaya: died from suicide (Sticky Bomb)
[01:21:21] [hMnNG#1] Lanaya: caused an explosion (PROXMINE)
[01:21:52] [hMnNG#2] Mєmbunuh Kuman: died from AP Pistol by Lanaya
[01:22:40] [hMnNG#2] Mєmbunuh Kuman: caused an explosion (PROXMINE)
[01:24:01] [hMnNG#2] Mєmbunuh Kuman: died from Double Action Revolver by Lanaya
[01:24:59] [hMnNG#1] Lanaya: caused an explosion (RAYGUN)
[01:25:01] [hMnNG#1] Lanaya: caused an explosion (RAYGUN)
[01:25:02] [hMnNG#2] Mєmbunuh Kuman: died from unknown by Lanaya
[01:25:05] [hMnNG#1] Lanaya: caused an explosion (RAYGUN)
[01:25:06] [hMnNG#1] Lanaya: caused an explosion (RAYGUN)
[01:25:08] [hMnNG#2] Mєmbunuh Kuman: died from unknown by Lanaya
[01:25:14] [hMnNG#1] Lanaya: caused an explosion (RAYGUN)
[01:25:14] [hMnNG#2] Mєmbunuh Kuman: caused an explosion (RAYGUN)
[01:25:14] [hMnNG#1] Lanaya: died from unknown by Mєmbunuh Kuman
[01:25:18] [hMnNG#2] Mєmbunuh Kuman: caused an explosion (RAYGUN)
[01:25:22] [hMnNG#2] Mєmbunuh Kuman: caused an explosion (RAYGUN)
[01:25:22] [hMnNG#2] Mєmbunuh Kuman: died from suicide
[01:59:26] [hMnNG#2] Mєmbunuh Kuman: died from Double Action Revolver by Lanaya
[02:00:17] [hMnNG#2] Mєmbunuh Kuman: died from Double Action Revolver by Lanaya
[02:00:37] [hMnNG#1] Lanaya: caused an explosion (PETROL_PUMP)
[02:00:37] [hMnNG#1] Lanaya: caused an explosion (PETROL_PUMP)
[02:00:52] [hMnNG#1] Lanaya: caused an explosion (RAYGUN)
[02:00:54] [hMnNG#1] Lanaya: caused an explosion (RAYGUN)
[02:00:57] [hMnNG#1] Lanaya: caused an explosion (RAYGUN)
[02:00:59] [hMnNG#1] Lanaya: caused an explosion (RAYGUN)
[02:01:01] [hMnNG#1] Lanaya: caused an explosion (RAYGUN)
[02:01:04] [hMnNG#1] Lanaya: caused an explosion (RAYGUN)
[02:01:07] [hMnNG#1] Lanaya: caused an explosion (RAYGUN)
[02:01:09] [hMnNG#1] Lanaya: caused an explosion (RAYGUN)
[02:01:11] [hMnNG#1] Lanaya: caused an explosion (RAYGUN)
[02:01:14] [hMnNG#1] Lanaya: caused an explosion (RAYGUN)
[02:01:16] [hMnNG#1] Lanaya: caused an explosion (RAYGUN)
[02:01:20] [hMnNG#1] Lanaya: caused an explosion (RAYGUN)
[02:01:22] [hMnNG#1] Lanaya: caused an explosion (RAYGUN)
[02:01:25] [hMnNG#1] Lanaya: caused an explosion (RAYGUN)
[02:01:27] [hMnNG#1] Lanaya: caused an explosion (RAYGUN)
[02:01:29] [hMnNG#1] Lanaya: caused an explosion (RAYGUN)
[02:01:31] [hMnNG#1] Lanaya: caused an explosion (RAYGUN)
[02:01:40] [hMnNG#1] Lanaya: caused an explosion (RAYGUN)
[02:01:50] [hMnNG#1] Lanaya: caused an explosion (RAYGUN)
[02:01:54] [hMnNG#1] Lanaya: caused an explosion (RAYGUN)
[02:01:58] [hMnNG#1] Lanaya: caused an explosion (RAYGUN)
[02:02:00] [hMnNG#1] Lanaya: caused an explosion (RAYGUN)
[02:02:03] [hMnNG#1] Lanaya: caused an explosion (RAYGUN)
[02:02:06] [hMnNG#1] Lanaya: caused an explosion (RAYGUN)
[02:02:08] [hMnNG#1] Lanaya: caused an explosion (RAYGUN)
[02:02:11] [hMnNG#1] Lanaya: caused an explosion (RAYGUN)
[02:02:14] [hMnNG#1] Lanaya: caused an explosion (RAYGUN)
[02:02:18] [hMnNG#1] Lanaya: caused an explosion (RAYGUN)
[02:03:24] [hMnNG#1] Lanaya: caused an explosion (PETROL_PUMP)
[02:03:25] [hMnNG#1] Lanaya: caused an explosion (PETROL_PUMP)
[02:03:28] [hMnNG#1] Lanaya: caused an explosion (PETROL_PUMP)
[02:03:28] [hMnNG#1] Lanaya: caused an explosion (PETROL_PUMP)
[02:03:32] [hMnNG#1] Lanaya: caused an explosion (PETROL_PUMP)
[02:06:18] [hMnNG#2] Mєmbunuh Kuman: died from Double Action Revolver by Lanaya
[02:07:15] [hMnNG#1] Lanaya: died from unknown by Mєmbunuh Kuman
[02:07:15] [hMnNG#2] Mєmbunuh Kuman: died from Double Action Revolver by Lanaya
[03:10:14] [hMnNG#2] Mєmbunuh Kuman: disconnected (Server->client connection timed out. Pending commands: 18.	Command list:	3852611f (12 B, 31392 msec ago)	53fffa3f (10 B, 7787 msec ago)	53fffa3f (10 B, 611 msec ago)	53fffa3f (10 B, 33800 msec ago)	53fffa3f (10 B, 33800 msec ago)	53fffa3f (10 B, 33800 msec ago)	53fffa3f (10 B, 33800 msec ago)	)
[03:14:09] [hMnNG#1] Lanaya: disconnected (Exiting)

================================================================
======== txAdmin Starting - 10/6/2023, 13:45:47                 
================================================================
[13:46:09] txAdmin: Logger started

================================================================
======== txAdmin Starting - 10/6/2023, 13:53:14                 
================================================================
[13:53:18] txAdmin: Logger started
[13:54:40] [pxy4z#1] Lanaya: joined with identifiers [license:5c6c4e0a452aac736553fa42e416510a1c8540d5; live:914802132220478; discord:377375684089348097; license2:5c6c4e0a452aac736553fa42e416510a1c8540d5]
[13:59:12] [pxy4z#1] Lanaya: said "/night"
[14:06:23] [pxy4z#1] Lanaya: said "clear"
[14:21:29] [pxy4z#1] Lanaya: died from suicide
[14:34:07] [pxy4z#1] Lanaya: disconnected (Exiting)
