
================================================================
======== Log Rotated - 10/5/2023, 00:00:00                      
================================================================
[00:00:44] [8B3Bt#2] Lanaya: died from suicide
[00:06:07] [8B3Bt#1] Mєmbunuh Kuman: said "/hudsetting"
[00:19:49] [8B3Bt#2] Lanaya: said "/dv1"
[00:19:52] [8B3Bt#2] Lanaya: said "/dv1"
[00:32:39] [8B3Bt#2] Lanaya: said "/godmode"
[00:36:28] [8B3Bt#3] HeidieAF: joined with identifiers [license:84365521656bac8d405d6205abe5d1e034d81cc8; discord:528882841505759253; fivem:7758145; license2:1ef835b60ecd0f4092ccfd37f4cf951d713e359f]
[00:38:31] [8B3Bt#2] Lanaya: died from suicide (Falling)
[00:40:57] [8B3Bt#3] HeidieAF: said "/plantseed"
[00:40:57] [8B3Bt#3] HeidieAF: said "/harvestveg"
[00:41:27] [8B3Bt#3] HeidieAF: said "/plantseed"
[00:41:27] [8B3Bt#3] HeidieAF: said "/harvestveg"
[00:41:59] [8B3Bt#3] HeidieAF: died from Pump Shotgun by Mєmbunuh Kuman
[00:47:54] [8B3Bt#3] HeidieAF: said "/plantseed"
[00:47:54] [8B3Bt#3] HeidieAF: said "/harvestveg"
[00:48:47] [8B3Bt#1] Mєmbunuh Kuman: died from Ranover by Vehicle by HeidieAF
[00:51:19] [8B3Bt#3] HeidieAF: said "/plantseed"
[00:51:19] [8B3Bt#3] HeidieAF: said "/harvestveg"
[00:51:35] [8B3Bt#1] Mєmbunuh Kuman: died from Vehicle Rotors by Lanaya
[00:51:36] [8B3Bt#3] HeidieAF: caused an explosion (PLANE)
[00:51:37] [8B3Bt#2] Lanaya: caused an explosion (PLANE)
[00:51:37] [8B3Bt#2] Lanaya: died from Explosion by Mєmbunuh Kuman
[00:51:37] [8B3Bt#3] HeidieAF: died from Explosion by Mєmbunuh Kuman
[00:51:51] [8B3Bt#1] Mєmbunuh Kuman: caused an explosion (CAR)
[00:51:56] [8B3Bt#2] Lanaya: died from suicide
[00:52:01] [8B3Bt#3] HeidieAF: died from Fire by Mєmbunuh Kuman
[00:52:58] [8B3Bt#3] HeidieAF: said "/plantseed"
[00:52:58] [8B3Bt#3] HeidieAF: said "/harvestveg"
[00:54:03] [8B3Bt#1] Mєmbunuh Kuman: died from Fist by HeidieAF
[00:56:54] [8B3Bt#1] Mєmbunuh Kuman: died from AP Pistol by Lanaya
[00:57:51] [8B3Bt#3] HeidieAF: died from suicide (Ranover by Vehicle)
[00:58:02] [8B3Bt#3] HeidieAF: said "/plantseed"
[00:58:02] [8B3Bt#3] HeidieAF: said "/harvestveg"
[00:58:59] [8B3Bt#3] HeidieAF: died from suicide
[01:01:00] [8B3Bt#1] Mєmbunuh Kuman: died from unknown by Lanaya
[01:02:34] [8B3Bt#1] Mєmbunuh Kuman: caused an explosion (PLANE)
[01:02:34] [8B3Bt#1] Mєmbunuh Kuman: caused an explosion (PLANE)
[01:02:34] [8B3Bt#1] Mєmbunuh Kuman: caused an explosion (BIKE)
[01:02:34] [8B3Bt#1] Mєmbunuh Kuman: died from suicide (Explosion)
[01:02:34] [8B3Bt#2] Lanaya: died from suicide (Explosion)
[01:02:36] [8B3Bt#1] Mєmbunuh Kuman: caused an explosion (CAR)
[01:04:10] [8B3Bt#1] Mєmbunuh Kuman: said "/pancing"
[01:04:10] [8B3Bt#1] Mєmbunuh Kuman: said "/crate"
[01:04:10] [8B3Bt#1] Mєmbunuh Kuman: said "/loadcrate"
[01:04:10] [8B3Bt#1] Mєmbunuh Kuman: said "/unloadcrate"
[01:04:10] [8B3Bt#1] Mєmbunuh Kuman: said "/PUTcrate"
[01:04:10] [8B3Bt#1] Mєmbunuh Kuman: said "/dropdelmark"
[01:04:10] [8B3Bt#1] Mєmbunuh Kuman: said "/securearea"
[01:04:29] [8B3Bt#1] Mєmbunuh Kuman: said "/pancing"
[01:04:29] [8B3Bt#1] Mєmbunuh Kuman: said "/crate"
[01:04:29] [8B3Bt#1] Mєmbunuh Kuman: said "/loadcrate"
[01:04:29] [8B3Bt#1] Mєmbunuh Kuman: said "/unloadcrate"
[01:04:29] [8B3Bt#1] Mєmbunuh Kuman: said "/PUTcrate"
[01:04:29] [8B3Bt#1] Mєmbunuh Kuman: said "/dropdelmark"
[01:04:29] [8B3Bt#1] Mєmbunuh Kuman: said "/securearea"
[01:04:38] [8B3Bt#1] Mєmbunuh Kuman: said "/pancing"
[01:04:38] [8B3Bt#1] Mєmbunuh Kuman: said "/crate"
[01:04:38] [8B3Bt#1] Mєmbunuh Kuman: said "/loadcrate"
[01:04:38] [8B3Bt#1] Mєmbunuh Kuman: said "/unloadcrate"
[01:04:38] [8B3Bt#1] Mєmbunuh Kuman: said "/PUTcrate"
[01:04:38] [8B3Bt#1] Mєmbunuh Kuman: said "/dropdelmark"
[01:04:38] [8B3Bt#1] Mєmbunuh Kuman: said "/securearea"
[01:05:19] [8B3Bt#1] Mєmbunuh Kuman: died from suicide (Falling)
[01:05:34] [8B3Bt#1] Mєmbunuh Kuman: died from Ranover by Vehicle by Lanaya
[01:05:58] [8B3Bt#3] HeidieAF: died from suicide
[01:06:28] [8B3Bt#3] HeidieAF: died from suicide (Falling)
[01:09:36] [8B3Bt#1] Mєmbunuh Kuman: caused an explosion (PETROL_PUMP)
[01:09:36] [8B3Bt#1] Mєmbunuh Kuman: caused an explosion (CAR)
[01:09:36] [8B3Bt#1] Mєmbunuh Kuman: caused an explosion (PETROL_PUMP)
[01:09:36] [8B3Bt#2] Lanaya: caused an explosion (BIKE)
[01:09:36] [8B3Bt#3] HeidieAF: caused an explosion (BIKE)
[01:09:36] [8B3Bt#2] Lanaya: died from suicide (Explosion)
[01:09:36] [8B3Bt#1] Mєmbunuh Kuman: died from suicide (Explosion)
[01:09:36] [8B3Bt#3] HeidieAF: died from suicide (Explosion)
[01:09:38] [8B3Bt#2] Lanaya: caused an explosion (PETROL_PUMP)
[01:09:46] [8B3Bt#3] HeidieAF: caused an explosion (PETROL_PUMP)
[01:10:06] [8B3Bt#1] Mєmbunuh Kuman: said "/ddv 10"
[01:13:24] [8B3Bt#2] Lanaya: said "/911 hello"
[01:14:29] [8B3Bt#3] HeidieAF: died from suicide (Ranover by Vehicle)
[01:14:57] [8B3Bt#3] HeidieAF: said "/plantseed"
[01:14:57] [8B3Bt#3] HeidieAF: said "/harvestveg"
[01:15:10] [8B3Bt#3] HeidieAF: said "/plantseed"
[01:15:10] [8B3Bt#3] HeidieAF: said "/harvestveg"
[01:15:10] [8B3Bt#3] HeidieAF: said "/plantseed"
[01:15:10] [8B3Bt#3] HeidieAF: said "/harvestveg"
[01:15:20] [8B3Bt#1] Mєmbunuh Kuman: said "/ooc"
[01:15:33] [8B3Bt#3] HeidieAF: said "/plantseed"
[01:15:33] [8B3Bt#3] HeidieAF: said "/harvestveg"
[01:15:33] [8B3Bt#3] HeidieAF: said "/plantseed"
[01:15:33] [8B3Bt#3] HeidieAF: said "/harvestveg"
[01:15:34] [8B3Bt#3] HeidieAF: said "/plantseed"
[01:15:34] [8B3Bt#3] HeidieAF: said "/harvestveg"
[01:18:37] [8B3Bt#3] HeidieAF: died from suicide
[01:19:20] [8B3Bt#3] HeidieAF: said "/plantseed"
[01:19:20] [8B3Bt#3] HeidieAF: said "/harvestveg"
[01:20:44] [8B3Bt#3] HeidieAF: died from suicide (Falling)
[01:21:49] [8B3Bt#3] HeidieAF: said "/loadcrate"
[01:24:17] [8B3Bt#1] Mєmbunuh Kuman: said "/ped"
[01:27:52] [8B3Bt#3] HeidieAF: said "/plantseed"
[01:27:52] [8B3Bt#3] HeidieAF: said "/harvestveg"
[01:27:59] [8B3Bt#3] HeidieAF: said "/plantseed"
[01:27:59] [8B3Bt#3] HeidieAF: said "/harvestveg"
[01:28:21] [8B3Bt#3] HeidieAF: said "/plantseed"
[01:28:21] [8B3Bt#3] HeidieAF: said "/harvestveg"
[01:29:41] [8B3Bt#3] HeidieAF: died from suicide
[01:29:44] [8B3Bt#3] HeidieAF: disconnected (Exiting)
[01:31:09] [8B3Bt#2] Lanaya: disconnected (Exiting)
[01:34:44] [8B3Bt#1] Mєmbunuh Kuman: disconnected (Server shutting down: SIGHUP received)

================================================================
======== txAdmin Starting - 10/5/2023, 01:35:04                 
================================================================
[01:35:10] txAdmin: Logger started

================================================================
======== txAdmin Starting - 10/5/2023, 01:35:35                 
================================================================
[01:35:39] txAdmin: Logger started
[01:36:39] [7CxiK#1] Lanaya: joined with identifiers [license:5c6c4e0a452aac736553fa42e416510a1c8540d5; live:914802132220478; discord:377375684089348097; license2:5c6c4e0a452aac736553fa42e416510a1c8540d5]
[01:40:54] [7CxiK#2] Mєmbunuh Kuman: joined with identifiers [license:f3c4e3230175094d5d02536d7c86fa28b1aa08f4; xbl:2535428800417856; live:985153851009620; discord:580990788058742784; fivem:8711504; license2:3db48a3e36e905c22c7c58f04ad6b96e5ee97901]
[01:44:41] [7CxiK#2] Mєmbunuh Kuman: disconnected (Exiting)
[01:53:43] [7CxiK#1] Lanaya: disconnected (Server->client connection timed out. Last seen 1087 msec ago.)

================================================================
======== txAdmin Starting - 10/5/2023, 14:57:20                 
================================================================
[14:57:42] txAdmin: Logger started

================================================================
======== txAdmin Starting - 10/5/2023, 14:59:05                 
================================================================
[14:59:10] txAdmin: Logger started

================================================================
======== txAdmin Starting - 10/5/2023, 14:59:49                 
================================================================
[14:59:54] txAdmin: Logger started
[15:01:45] [FzXPc#1] Lanaya: joined with identifiers [license:5c6c4e0a452aac736553fa42e416510a1c8540d5; live:914802132220478; discord:377375684089348097; license2:5c6c4e0a452aac736553fa42e416510a1c8540d5]
[15:03:40] [FzXPc#1] Lanaya: disconnected (Exiting)
[15:04:19] [FzXPc#2] Lanaya: joined with identifiers [license:5c6c4e0a452aac736553fa42e416510a1c8540d5; live:914802132220478; discord:377375684089348097; license2:5c6c4e0a452aac736553fa42e416510a1c8540d5]
[15:08:21] [FzXPc#3] HeidieAF: joined with identifiers [license:84365521656bac8d405d6205abe5d1e034d81cc8; discord:528882841505759253; fivem:7758145; license2:1ef835b60ecd0f4092ccfd37f4cf951d713e359f]
[15:08:51] [FzXPc#3] HeidieAF: died from suicide (Falling)
[15:08:54] [FzXPc#2] Lanaya: disconnected (Game crashed: GTA5_b1604.exe!sub_1415F665C (0x43))
[15:10:03] [FzXPc#4] Lanaya: joined with identifiers [license:5c6c4e0a452aac736553fa42e416510a1c8540d5; live:914802132220478; discord:377375684089348097; license2:5c6c4e0a452aac736553fa42e416510a1c8540d5]
[15:12:25] [FzXPc#3] HeidieAF: died from suicide
[15:13:04] [FzXPc#3] HeidieAF: died from suicide (Falling)
[15:13:07] [FzXPc#4] Lanaya: died from suicide (Falling)
[15:14:07] [FzXPc#5] Mєmbunuh Kuman: joined with identifiers [license:f3c4e3230175094d5d02536d7c86fa28b1aa08f4; xbl:2535428800417856; live:985153851009620; discord:580990788058742784; fivem:8711504; license2:3db48a3e36e905c22c7c58f04ad6b96e5ee97901]
[15:14:56] [FzXPc#3] HeidieAF: said "/plantseed"
[15:14:56] [FzXPc#3] HeidieAF: said "/harvestveg"
[15:15:08] [FzXPc#3] HeidieAF: said "/plantseed"
[15:15:08] [FzXPc#3] HeidieAF: said "/harvestveg"
[15:15:12] [FzXPc#3] HeidieAF: said "/plantseed"
[15:15:12] [FzXPc#3] HeidieAF: said "/harvestveg"
[15:15:52] [FzXPc#3] HeidieAF: said "/plantseed"
[15:15:52] [FzXPc#3] HeidieAF: said "/harvestveg"
[15:16:19] [FzXPc#3] HeidieAF: disconnected (Exiting)
[15:17:05] [FzXPc#4] Lanaya: died from suicide
[15:21:55] [FzXPc#4] Lanaya: died from Ranover by Vehicle by Mєmbunuh Kuman
[15:27:26] [FzXPc#5] Mєmbunuh Kuman: died from suicide (Ranover by Vehicle)
[15:28:00] [FzXPc#5] Mєmbunuh Kuman: caused an explosion (CAR)
[15:28:00] [FzXPc#5] Mєmbunuh Kuman: caused an explosion (PETROL_PUMP)
[15:28:00] [FzXPc#5] Mєmbunuh Kuman: caused an explosion (PETROL_PUMP)
[15:28:00] [FzXPc#5] Mєmbunuh Kuman: died from suicide (Explosion)
[15:34:46] [FzXPc#5] Mєmbunuh Kuman: died from suicide (Falling)
[15:36:40] [FzXPc#5] Mєmbunuh Kuman: disconnected (Exiting)
[15:40:01] [FzXPc#4] Lanaya: died from suicide (Falling)
[15:40:08] [FzXPc#4] Lanaya: said "/reviveme"
[15:42:21] [FzXPc#4] Lanaya: said "/property:garage"
[15:43:36] [FzXPc#4] Lanaya: said "/mgt"
[15:45:38] [FzXPc#6] Penelope: joined with identifiers [license:199a694420fee69b439d4926e0573daf26a2f1ae; discord:832037458333401120; license2:199a694420fee69b439d4926e0573daf26a2f1ae]
[15:55:31] [FzXPc#6] Penelope: said "/duty"
[16:07:17] [FzXPc#6] Penelope: disconnected (Server->client connection timed out. Last seen 54347 msec ago.)
[16:08:25] [FzXPc#7] Penelope: joined with identifiers [license:199a694420fee69b439d4926e0573daf26a2f1ae; discord:832037458333401120; license2:199a694420fee69b439d4926e0573daf26a2f1ae]
[16:09:37] [FzXPc#4] Lanaya: died from AP Pistol by Penelope
[16:12:37] [FzXPc#7] Penelope: said "t"
[16:19:53] [FzXPc#7] Penelope: caused an explosion (PLANE)
[16:19:53] [FzXPc#7] Penelope: died from Explosion by Lanaya
[16:20:37] [FzXPc#7] Penelope: died from Ranover by Vehicle by Lanaya
[16:21:28] [FzXPc#4] Lanaya: died from Sniper Rifle by Penelope
[16:22:01] [FzXPc#7] Penelope: died from Sniper Rifle by Lanaya
[16:22:21] [FzXPc#4] Lanaya: died from Pump Shotgun by Penelope
[16:22:38] [FzXPc#4] Lanaya: died from Pump Shotgun by Penelope
[16:22:55] [FzXPc#7] Penelope: died from AP Pistol by Lanaya
[16:23:08] [FzXPc#7] Penelope: died from AP Pistol by Lanaya
[16:23:15] [FzXPc#4] Lanaya: died from AP Pistol by Penelope
[16:23:25] [FzXPc#4] Lanaya: died from AP Pistol by Penelope
[16:23:37] [FzXPc#4] Lanaya: died from AP Pistol by Penelope
[16:24:04] [FzXPc#4] Lanaya: died from AP Pistol by Penelope
[16:24:19] [FzXPc#4] Lanaya: died from AP Pistol by Penelope
[16:25:35] [FzXPc#4] Lanaya: died from AP Pistol by Penelope
[16:26:14] [FzXPc#4] Lanaya: caused an explosion (PETROL_PUMP)
[16:26:14] [FzXPc#4] Lanaya: caused an explosion (PETROL_PUMP)
[16:26:14] [FzXPc#7] Penelope: caused an explosion (CAR)
[16:26:14] [FzXPc#7] Penelope: caused an explosion (PETROL_PUMP)
[16:26:16] [FzXPc#7] Penelope: died from suicide (Explosion)
[16:27:38] [FzXPc#4] Lanaya: died from suicide
[16:28:40] [FzXPc#4] Lanaya: died from AP Pistol by Penelope
[16:29:44] [FzXPc#7] Penelope: died from suicide (Ranover by Vehicle)
[16:31:26] [FzXPc#7] Penelope: died from suicide (Falling)
[16:33:48] [FzXPc#7] Penelope: died from suicide
[16:37:47] [FzXPc#4] Lanaya: died from Fist by Penelope
[16:41:27] [FzXPc#7] Penelope: said "/wal casual5"
[16:51:32] [FzXPc#4] Lanaya: disconnected (Server->client connection timed out. Last seen 33966 msec ago.)
[16:51:37] [FzXPc#7] Penelope: disconnected (Server->client connection timed out. Last seen 29727 msec ago.)
[16:53:59] txAdmin: Logger started
[16:56:04] [VxHPD#1] Lanaya: joined with identifiers [license:5c6c4e0a452aac736553fa42e416510a1c8540d5; live:914802132220478; discord:377375684089348097; license2:5c6c4e0a452aac736553fa42e416510a1c8540d5]
[16:56:11] [VxHPD#2] NAADERMAAN: joined with identifiers [license:8001674fef95f68c7a2846ba0c5731f72ff3f3a7; xbl:2535425640090127; live:844425019515015; discord:388232542589026316; license2:3474d4cf5ca5004dc63d41ac102e9963db958622]
[16:56:15] [VxHPD#3] Penelope: joined with identifiers [license:199a694420fee69b439d4926e0573daf26a2f1ae; discord:832037458333401120; license2:199a694420fee69b439d4926e0573daf26a2f1ae]
[16:58:11] [VxHPD#4] Thionardii: joined with identifiers [license:fa0d789558d50bf8db1c6697e62bda7f60706fcd; xbl:2535425354324162; live:1055518966657469; discord:1003313567925280829; fivem:2419064; license2:fa0d789558d50bf8db1c6697e62bda7f60706fcd]
[16:58:50] [VxHPD#3] Penelope: said "/tmp"
[17:00:56] [VxHPD#4] Thionardii: said "/ceklevel"
[17:01:02] [VxHPD#4] Thionardii: said "/ceklevel"
[17:01:43] [VxHPD#1] Lanaya: died from Fist by Thionardii
[17:02:06] [VxHPD#4] Thionardii: said "/territorymenu"
[17:02:06] [VxHPD#4] Thionardii: said "/securearea"
[17:02:07] [VxHPD#4] Thionardii: said "/territorymenu"
[17:02:07] [VxHPD#4] Thionardii: said "/securearea"
[17:02:08] [VxHPD#4] Thionardii: said "/territorymenu"
[17:02:08] [VxHPD#4] Thionardii: said "/securearea"
[17:02:34] [VxHPD#4] Thionardii: said "/territorymenu"
[17:02:34] [VxHPD#4] Thionardii: said "/securearea"
[17:03:00] [VxHPD#4] Thionardii: said "/territorymenu"
[17:03:00] [VxHPD#4] Thionardii: said "/securearea"
[17:03:33] [VxHPD#4] Thionardii: said "/hudsetting"
[17:03:58] [VxHPD#4] Thionardii: said "/territorymenu"
[17:03:58] [VxHPD#4] Thionardii: said "/securearea"
[17:04:07] [VxHPD#4] Thionardii: said "/territorymenu"
[17:04:07] [VxHPD#4] Thionardii: said "/securearea"
[17:04:14] [VxHPD#4] Thionardii: said "/territorymenu"
[17:04:14] [VxHPD#4] Thionardii: said "/securearea"
[17:04:23] [VxHPD#4] Thionardii: said "/territorymenu"
[17:04:23] [VxHPD#4] Thionardii: said "/securearea"
[17:04:24] [VxHPD#4] Thionardii: said "/territorymenu"
[17:04:24] [VxHPD#4] Thionardii: said "/securearea"
[17:04:25] [VxHPD#4] Thionardii: said "/territorymenu"
[17:04:25] [VxHPD#4] Thionardii: said "/securearea"
[17:04:36] [VxHPD#4] Thionardii: said "/territorymenu"
[17:04:36] [VxHPD#4] Thionardii: said "/securearea"
[17:05:25] [VxHPD#4] Thionardii: said "/territorymenu"
[17:05:25] [VxHPD#4] Thionardii: said "/securearea"
[17:06:13] [VxHPD#3] Penelope: died from Assault Rifle by Thionardii
[17:06:28] [VxHPD#3] Penelope: died from Flashlight by Thionardii
[17:06:34] [VxHPD#4] Thionardii: died from Fist by Penelope
[17:07:04] [VxHPD#4] Thionardii: said "/territorymenu"
[17:07:04] [VxHPD#4] Thionardii: said "/securearea"
[17:07:14] [VxHPD#3] Penelope: died from Pistol by Thionardii
[17:07:26] [VxHPD#3] Penelope: died from Micro SMG by Thionardii
[17:07:29] [VxHPD#3] Penelope: said "/ammo"
[17:08:23] [VxHPD#3] Penelope: died from Micro SMG by Thionardii
[17:08:43] [VxHPD#3] Penelope: died from Micro SMG by Thionardii
[17:09:33] [VxHPD#2] NAADERMAAN: said "/AUD SETTING"
[17:09:38] [VxHPD#3] Penelope: died from Micro SMG by Thionardii
[17:09:52] [VxHPD#3] Penelope: died from Pistol by Thionardii
[17:10:09] [VxHPD#4] Thionardii: said "/territorymenu"
[17:10:09] [VxHPD#4] Thionardii: said "/securearea"
[17:10:20] [VxHPD#4] Thionardii: said "/territorymenu"
[17:10:20] [VxHPD#4] Thionardii: said "/securearea"
[17:10:26] [VxHPD#4] Thionardii: said "/carry"
[17:10:40] [VxHPD#4] Thionardii: died from Fist by NAADERMAAN
[17:10:48] [VxHPD#4] Thionardii: said "tolonggg a"
[17:10:57] [VxHPD#2] NAADERMAAN: said "memek kalian smwa"
[17:10:58] [VxHPD#2] NAADERMAAN: died from Flashlight by Thionardii
[17:11:07] [VxHPD#4] Thionardii: died from Night Stick by Penelope
[17:12:02] [VxHPD#4] Thionardii: said "/territorymenu"
[17:12:02] [VxHPD#4] Thionardii: said "/securearea"
[17:12:02] [VxHPD#4] Thionardii: said "/territorymenu"
[17:12:02] [VxHPD#4] Thionardii: said "/securearea"
[17:12:04] [VxHPD#4] Thionardii: said "/territorymenu"
[17:12:04] [VxHPD#4] Thionardii: said "/securearea"
[17:12:08] [VxHPD#4] Thionardii: said "/duty"
[17:12:09] [VxHPD#4] Thionardii: said "/territorymenu"
[17:12:09] [VxHPD#4] Thionardii: said "/securearea"
[17:12:25] [VxHPD#4] Thionardii: said "/territorymenu"
[17:12:25] [VxHPD#4] Thionardii: said "/securearea"
[17:12:27] [VxHPD#4] Thionardii: said "/territorymenu"
[17:12:27] [VxHPD#4] Thionardii: said "/securearea"
[17:12:49] [VxHPD#4] Thionardii: said "/territorymenu"
[17:12:49] [VxHPD#4] Thionardii: said "/securearea"
[17:13:10] [VxHPD#4] Thionardii: said "/territorymenu"
[17:13:10] [VxHPD#4] Thionardii: said "/securearea"
[17:13:24] [VxHPD#4] Thionardii: said "/territorymenu"
[17:13:24] [VxHPD#4] Thionardii: said "/securearea"
[17:13:25] [VxHPD#4] Thionardii: said "/territorymenu"
[17:13:25] [VxHPD#4] Thionardii: said "/securearea"
[17:13:31] [VxHPD#4] Thionardii: said "/territorymenu"
[17:13:31] [VxHPD#4] Thionardii: said "/securearea"
[17:13:41] [VxHPD#4] Thionardii: said "/territorymenu"
[17:13:41] [VxHPD#4] Thionardii: said "/securearea"
[17:13:42] [VxHPD#4] Thionardii: said "/territorymenu"
[17:13:42] [VxHPD#4] Thionardii: said "/securearea"
[17:13:46] [VxHPD#4] Thionardii: said "/territorymenu"
[17:13:46] [VxHPD#4] Thionardii: said "/securearea"
[17:13:53] [VxHPD#4] Thionardii: said "/territorymenu"
[17:13:53] [VxHPD#4] Thionardii: said "/securearea"
[17:13:54] [VxHPD#3] Penelope: said "ooc taiik"
[17:13:57] [VxHPD#4] Thionardii: said "/territorymenu"
[17:13:57] [VxHPD#4] Thionardii: said "/securearea"
[17:14:20] [VxHPD#3] Penelope: died from AP Pistol by Thionardii
[17:14:29] [VxHPD#4] Thionardii: said "/territorymenu"
[17:14:29] [VxHPD#4] Thionardii: said "/securearea"
[17:14:36] [VxHPD#4] Thionardii: said "/territorymenu"
[17:14:36] [VxHPD#4] Thionardii: said "/securearea"
[17:14:39] [VxHPD#4] Thionardii: said "/territorymenu"
[17:14:39] [VxHPD#4] Thionardii: said "/securearea"
[17:15:39] [VxHPD#4] Thionardii: said "/territorymenu"
[17:15:39] [VxHPD#4] Thionardii: said "/securearea"
[17:15:39] [VxHPD#4] Thionardii: said "/territorymenu"
[17:15:39] [VxHPD#4] Thionardii: said "/securearea"
[17:15:39] [VxHPD#4] Thionardii: said "/territorymenu"
[17:15:39] [VxHPD#4] Thionardii: said "/securearea"
[17:15:40] [VxHPD#4] Thionardii: said "/territorymenu"
[17:15:40] [VxHPD#4] Thionardii: said "/securearea"
[17:15:40] [VxHPD#4] Thionardii: said "/territorymenu"
[17:15:40] [VxHPD#4] Thionardii: said "/securearea"
[17:15:46] [VxHPD#4] Thionardii: said "/territorymenu"
[17:15:46] [VxHPD#4] Thionardii: said "/securearea"
[17:16:02] [VxHPD#4] Thionardii: said "/territorymenu"
[17:16:02] [VxHPD#4] Thionardii: said "/securearea"
[17:16:04] [VxHPD#4] Thionardii: said "/territorymenu"
[17:16:04] [VxHPD#4] Thionardii: said "/securearea"
[17:16:09] [VxHPD#4] Thionardii: said "/territorymenu"
[17:16:09] [VxHPD#4] Thionardii: said "/securearea"
[17:16:18] [VxHPD#4] Thionardii: said "/territorymenu"
[17:16:18] [VxHPD#4] Thionardii: said "/securearea"
[17:16:21] [VxHPD#4] Thionardii: said "/territorymenu"
[17:16:21] [VxHPD#4] Thionardii: said "/securearea"
[17:16:45] [VxHPD#4] Thionardii: died from Fist by Penelope
[17:17:04] [VxHPD#3] Penelope: said "/revive4"
[17:17:04] [VxHPD#4] Thionardii: said "/ceklevel"
[17:17:07] [VxHPD#4] Thionardii: said "/ceklevel"
[17:17:09] [VxHPD#4] Thionardii: said "/ceklevel"
[17:17:13] [VxHPD#4] Thionardii: said "/territorymenu"
[17:17:13] [VxHPD#4] Thionardii: said "/securearea"
[17:17:20] [VxHPD#4] Thionardii: said "/territorymenu"
[17:17:20] [VxHPD#4] Thionardii: said "/securearea"
[17:17:30] [VxHPD#4] Thionardii: said "/territorymenu"
[17:17:30] [VxHPD#4] Thionardii: said "/securearea"
[17:17:40] [VxHPD#4] Thionardii: said "/territorymenu"
[17:17:40] [VxHPD#4] Thionardii: said "/securearea"
[17:17:51] [VxHPD#4] Thionardii: said "/territorymenu"
[17:17:51] [VxHPD#4] Thionardii: said "/securearea"
[17:17:52] [VxHPD#4] Thionardii: said "/territorymenu"
[17:17:52] [VxHPD#4] Thionardii: said "/securearea"
[17:17:53] [VxHPD#4] Thionardii: said "/territorymenu"
[17:17:53] [VxHPD#4] Thionardii: said "/securearea"
[17:18:56] [VxHPD#3] Penelope: said "/gps 529"
[17:19:19] [VxHPD#3] Penelope: died from BZ Gas by Thionardii
[17:19:26] [VxHPD#3] Penelope: died from BZ Gas by Thionardii
[17:19:34] [VxHPD#4] Thionardii: died from Pump Shotgun by Penelope
[17:19:46] [VxHPD#3] Penelope: said "/ammo"
[17:20:17] [VxHPD#3] Penelope: died from Sniper Rifle by Thionardii
[17:20:18] [VxHPD#4] Thionardii: said "/territorymenu"
[17:20:18] [VxHPD#4] Thionardii: said "/securearea"
[17:20:27] [VxHPD#4] Thionardii: said "/territorymenu"
[17:20:27] [VxHPD#4] Thionardii: said "/securearea"
[17:20:46] [VxHPD#4] Thionardii: said "/territorymenu"
[17:20:46] [VxHPD#4] Thionardii: said "/securearea"
[17:21:51] [VxHPD#3] Penelope: died from Advanced Rifle by Thionardii
[17:21:59] [VxHPD#4] Thionardii: said "/territorymenu"
[17:21:59] [VxHPD#4] Thionardii: said "/securearea"
[17:22:13] [VxHPD#4] Thionardii: said "/territorymenu"
[17:22:13] [VxHPD#4] Thionardii: said "/securearea"
[17:22:24] [VxHPD#4] Thionardii: said "/territorymenu"
[17:22:24] [VxHPD#4] Thionardii: said "/securearea"
[17:22:29] [VxHPD#4] Thionardii: said "/territorymenu"
[17:22:29] [VxHPD#4] Thionardii: said "/securearea"
[17:23:40] [VxHPD#4] Thionardii: said "/territorymenu"
[17:23:40] [VxHPD#4] Thionardii: said "/securearea"
[17:23:52] [VxHPD#4] Thionardii: said "/territorymenu"
[17:23:52] [VxHPD#4] Thionardii: said "/securearea"
[17:23:54] [VxHPD#4] Thionardii: said "/territorymenu"
[17:23:54] [VxHPD#4] Thionardii: said "/securearea"
[17:24:00] [VxHPD#4] Thionardii: said "/territorymenu"
[17:24:00] [VxHPD#4] Thionardii: said "/securearea"
[17:24:05] [VxHPD#4] Thionardii: said "/territorymenu"
[17:24:05] [VxHPD#4] Thionardii: said "/securearea"
[17:24:06] [VxHPD#4] Thionardii: said "/territorymenu"
[17:24:06] [VxHPD#4] Thionardii: said "/securearea"
[17:24:39] [VxHPD#4] Thionardii: said "/territorymenu"
[17:24:39] [VxHPD#4] Thionardii: said "/securearea"
[17:24:49] [VxHPD#4] Thionardii: said "/territorymenu"
[17:24:49] [VxHPD#4] Thionardii: said "/securearea"
[17:25:19] [VxHPD#4] Thionardii: said "/territorymenu"
[17:25:19] [VxHPD#4] Thionardii: said "/securearea"
[17:25:24] [VxHPD#4] Thionardii: said "/territorymenu"
[17:25:24] [VxHPD#4] Thionardii: said "/securearea"
[17:26:16] [VxHPD#4] Thionardii: said "/territorymenu"
[17:26:16] [VxHPD#4] Thionardii: said "/securearea"
[17:27:17] [VxHPD#3] Penelope: died from suicide
[17:28:31] [VxHPD#3] Penelope: said "t"
[17:29:40] [VxHPD#2] NAADERMAAN: said "angkat tangan gmna anjing"
[17:29:46] [VxHPD#4] Thionardii: said "/otoot kontol"
[17:30:34] [VxHPD#4] Thionardii: said "/territorymenu"
[17:30:34] [VxHPD#4] Thionardii: said "/securearea"
[17:30:35] [VxHPD#4] Thionardii: said "/territorymenu"
[17:30:35] [VxHPD#4] Thionardii: said "/securearea"
[17:30:50] [VxHPD#3] Penelope: died from suicide
[17:31:46] [VxHPD#4] Thionardii: said "/territorymenu"
[17:31:46] [VxHPD#4] Thionardii: said "/securearea"
[17:32:11] [VxHPD#4] Thionardii: said "/territorymenu"
[17:32:11] [VxHPD#4] Thionardii: said "/securearea"
[17:32:48] [VxHPD#3] Penelope: died from suicide
[17:33:55] [VxHPD#1] Lanaya: died from suicide (Falling)
[17:33:55] [VxHPD#3] Penelope: died from suicide
[17:34:55] [VxHPD#4] Thionardii: said "/territorymenu"
[17:34:55] [VxHPD#4] Thionardii: said "/securearea"
[17:34:55] [VxHPD#4] Thionardii: said "/territorymenu"
[17:34:55] [VxHPD#4] Thionardii: said "/securearea"
[17:34:57] [VxHPD#4] Thionardii: said "/territorymenu"
[17:34:57] [VxHPD#4] Thionardii: said "/securearea"
[17:35:40] [VxHPD#4] Thionardii: said "/territorymenu"
[17:35:40] [VxHPD#4] Thionardii: said "/securearea"
[17:35:43] [VxHPD#4] Thionardii: said "/territorymenu"
[17:35:43] [VxHPD#4] Thionardii: said "/securearea"
[17:37:43] [VxHPD#2] NAADERMAAN: died from suicide (Ranover by Vehicle)
[17:37:46] [VxHPD#4] Thionardii: died from suicide (Ranover by Vehicle)
[17:40:20] [VxHPD#1] Lanaya: died from suicide
[17:42:27] [VxHPD#4] Thionardii: said "/territorymenu"
[17:42:27] [VxHPD#4] Thionardii: said "/securearea"
[17:44:48] [VxHPD#4] Thionardii: said "/territorymenu"
[17:44:48] [VxHPD#4] Thionardii: said "/securearea"
[17:46:15] [VxHPD#4] Thionardii: said "/territorymenu"
[17:46:15] [VxHPD#4] Thionardii: said "/securearea"
[17:46:45] [VxHPD#3] Penelope: died from Sniper Rifle by Thionardii
[17:47:04] [VxHPD#3] Penelope: died from AP Pistol by Thionardii
[17:47:49] [VxHPD#4] Thionardii: said "/usebandage"
[17:47:50] [VxHPD#3] Penelope: said "/ammo"
[17:47:53] [VxHPD#3] Penelope: said "\"
[17:48:39] [VxHPD#3] Penelope: died from AP Pistol by Thionardii
[17:49:46] [VxHPD#4] Thionardii: said "/territorymenu"
[17:49:46] [VxHPD#4] Thionardii: said "/securearea"
[17:50:16] [VxHPD#2] NAADERMAAN: died from suicide
[17:50:58] [VxHPD#4] Thionardii: said "/territorymenu"
[17:50:58] [VxHPD#4] Thionardii: said "/securearea"
[17:51:08] [VxHPD#3] Penelope: died from suicide (Ranover by Vehicle)
[17:53:41] [VxHPD#4] Thionardii: said "/territorymenu"
[17:53:41] [VxHPD#4] Thionardii: said "/securearea"
[17:55:26] [VxHPD#4] Thionardii: said "/territorymenu"
[17:55:26] [VxHPD#4] Thionardii: said "/securearea"
[17:55:55] [VxHPD#4] Thionardii: said "/territorymenu"
[17:55:55] [VxHPD#4] Thionardii: said "/securearea"
[17:56:20] [VxHPD#2] NAADERMAAN: died from Pump Shotgun by Thionardii
[17:56:32] [VxHPD#3] Penelope: died from Pump Shotgun by Thionardii
[17:56:43] [VxHPD#4] Thionardii: died from Fist by Penelope
[17:57:47] [VxHPD#4] Thionardii: said "/race"
[18:00:15] [VxHPD#4] Thionardii: said "/territorymenu"
[18:00:15] [VxHPD#4] Thionardii: said "/securearea"
[18:00:35] [VxHPD#4] Thionardii: said "/territorymenu"
[18:00:35] [VxHPD#4] Thionardii: said "/securearea"
[18:02:00] [VxHPD#3] Penelope: died from Pump Shotgun by Thionardii
[18:02:10] [VxHPD#4] Thionardii: said "/territorymenu"
[18:02:10] [VxHPD#4] Thionardii: said "/securearea"
[18:02:11] [VxHPD#4] Thionardii: said "/territorymenu"
[18:02:11] [VxHPD#4] Thionardii: said "/securearea"
[18:02:11] [VxHPD#4] Thionardii: said "/territorymenu"
[18:02:11] [VxHPD#4] Thionardii: said "/securearea"
[18:02:17] [VxHPD#4] Thionardii: said "/territorymenu"
[18:02:17] [VxHPD#4] Thionardii: said "/securearea"
[18:02:29] [VxHPD#3] Penelope: died from Pump Shotgun by Thionardii
[18:03:57] [VxHPD#4] Thionardii: said "/territorymenu"
[18:03:57] [VxHPD#4] Thionardii: said "/securearea"
[18:04:02] [VxHPD#3] Penelope: died from Advanced Rifle by Thionardii
[18:04:09] [VxHPD#3] Penelope: died from Advanced Rifle by Thionardii
[18:04:15] [VxHPD#4] Thionardii: died from Fist by Penelope
[18:04:50] [VxHPD#3] Penelope: died from Pistol by Thionardii
[18:05:11] [VxHPD#3] Penelope: died from Pistol by Thionardii
[18:05:30] [VxHPD#4] Thionardii: said "/territorymenu"
[18:05:30] [VxHPD#4] Thionardii: said "/securearea"
[18:05:31] [VxHPD#4] Thionardii: said "/territorymenu"
[18:05:31] [VxHPD#4] Thionardii: said "/securearea"
[18:05:43] [VxHPD#3] Penelope: died from AP Pistol by Thionardii
[18:07:47] [VxHPD#4] Thionardii: said "/territorymenu"
[18:07:47] [VxHPD#4] Thionardii: said "/securearea"
[18:08:05] [VxHPD#2] NAADERMAAN: died from suicide (Ranover by Vehicle)
[18:08:25] [VxHPD#4] Thionardii: said "/territorymenu"
[18:08:25] [VxHPD#4] Thionardii: said "/securearea"
[18:09:09] [VxHPD#3] Penelope: died from Advanced Rifle by Thionardii
[18:09:31] [VxHPD#4] Thionardii: said "/territorymenu"
[18:09:31] [VxHPD#4] Thionardii: said "/securearea"
[18:09:36] [VxHPD#2] NAADERMAAN: died from suicide (Ranover by Vehicle)
[18:10:00] [VxHPD#4] Thionardii: said "/territorymenu"
[18:10:00] [VxHPD#4] Thionardii: said "/securearea"
[18:11:03] [VxHPD#4] Thionardii: said "/territorymenu"
[18:11:03] [VxHPD#4] Thionardii: said "/securearea"
[18:11:05] [VxHPD#4] Thionardii: said "/territorymenu"
[18:11:05] [VxHPD#4] Thionardii: said "/securearea"
[18:11:26] [VxHPD#4] Thionardii: caused an explosion (PETROL_PUMP)
[18:11:26] [VxHPD#4] Thionardii: caused an explosion (CAR)
[18:11:27] [VxHPD#4] Thionardii: died from suicide (Explosion)
[18:11:28] [VxHPD#3] Penelope: died from suicide (Falling)
[18:12:03] [VxHPD#2] NAADERMAAN: died from suicide (Explosion)
[18:12:04] [VxHPD#4] Thionardii: said "/territorymenu"
[18:12:04] [VxHPD#4] Thionardii: said "/securearea"
[18:12:17] [VxHPD#4] Thionardii: said "/territorymenu"
[18:12:17] [VxHPD#4] Thionardii: said "/securearea"
[18:13:09] [VxHPD#4] Thionardii: said "/territorymenu"
[18:13:09] [VxHPD#4] Thionardii: said "/securearea"
[18:14:57] [VxHPD#3] Penelope: died from Sniper Rifle by Thionardii
[18:15:26] [VxHPD#4] Thionardii: said "/territorymenu"
[18:15:26] [VxHPD#4] Thionardii: said "/securearea"
[18:15:26] [VxHPD#4] Thionardii: said "/territorymenu"
[18:15:26] [VxHPD#4] Thionardii: said "/securearea"
[18:15:51] [VxHPD#4] Thionardii: said "/territorymenu"
[18:15:51] [VxHPD#4] Thionardii: said "/securearea"
[18:18:37] [VxHPD#3] Penelope: died from Advanced Rifle by Thionardii
[18:18:59] [VxHPD#2] NAADERMAAN: died from AP Pistol by Lanaya
[18:19:08] [VxHPD#2] NAADERMAAN: died from AP Pistol by Lanaya
[18:19:13] [VxHPD#2] NAADERMAAN: died from Stungun by Thionardii
[18:19:40] [VxHPD#4] Thionardii: said "/territorymenu"
[18:19:40] [VxHPD#4] Thionardii: said "/securearea"
[18:20:02] [VxHPD#1] Lanaya: died from Stungun by Thionardii
[18:20:15] [VxHPD#3] Penelope: died from AP Pistol by Lanaya
[18:21:12] [VxHPD#3] Penelope: died from AP Pistol by Lanaya
[18:21:24] [VxHPD#4] Thionardii: died from suicide
[18:21:25] [VxHPD#1] Lanaya: died from suicide (Rammed by Vehicle)
[18:21:33] [VxHPD#1] Lanaya: died from suicide (Falling)
[18:21:40] [VxHPD#1] Lanaya: died from suicide
[18:22:49] [VxHPD#3] Penelope: died from Pump Shotgun by Thionardii
[18:23:15] [VxHPD#4] Thionardii: said "/territorymenu"
[18:23:15] [VxHPD#4] Thionardii: said "/securearea"
[18:23:30] [VxHPD#1] Lanaya: died from suicide
[18:23:32] [VxHPD#2] NAADERMAAN: died from suicide
[18:23:47] [VxHPD#4] Thionardii: died from suicide (Falling)
[18:24:14] [VxHPD#4] Thionardii: said "/territorymenu"
[18:24:14] [VxHPD#4] Thionardii: said "/securearea"
[18:24:15] [VxHPD#4] Thionardii: said "/territorymenu"
[18:24:15] [VxHPD#4] Thionardii: said "/securearea"
[18:24:16] [VxHPD#4] Thionardii: said "/territorymenu"
[18:24:16] [VxHPD#4] Thionardii: said "/securearea"
[18:24:16] [VxHPD#4] Thionardii: said "/territorymenu"
[18:24:16] [VxHPD#4] Thionardii: said "/securearea"
[18:25:04] [VxHPD#4] Thionardii: said "/territorymenu"
[18:25:04] [VxHPD#4] Thionardii: said "/securearea"
[18:25:08] [VxHPD#3] Penelope: died from suicide (Rammed by Vehicle)
[18:25:09] [VxHPD#2] NAADERMAAN: died from suicide
[18:25:40] [VxHPD#1] Lanaya: died from suicide (Rammed by Vehicle)
[18:26:14] [VxHPD#1] Lanaya: said "bring 2"
[18:26:21] [VxHPD#2] NAADERMAAN: died from Ranover by Vehicle by Lanaya
[18:27:17] [VxHPD#3] Penelope: caused an explosion (FIREWORK)
[18:27:18] [VxHPD#1] Lanaya: died from Firework by Penelope
[18:27:18] [VxHPD#2] NAADERMAAN: died from suicide
[18:27:27] [VxHPD#3] Penelope: caused an explosion (FIREWORK)
[18:27:28] [VxHPD#3] Penelope: died from suicide (Falling)
[18:28:00] [VxHPD#4] Thionardii: died from suicide
[18:28:15] [VxHPD#4] Thionardii: said "/territorymenu"
[18:28:15] [VxHPD#4] Thionardii: said "/securearea"
[18:28:19] [VxHPD#3] Penelope: died from suicide (Falling)
[18:28:24] [VxHPD#4] Thionardii: died from suicide (Falling)
[18:28:29] [VxHPD#2] NAADERMAAN: died from suicide (Falling)
[18:28:32] [VxHPD#3] Penelope: died from suicide (Falling)
[18:28:41] [VxHPD#3] Penelope: caused an explosion (FIREWORK)
[18:28:45] [VxHPD#3] Penelope: caused an explosion (FIREWORK)
[18:28:47] [VxHPD#3] Penelope: caused an explosion (FIREWORK)
[18:28:51] [VxHPD#3] Penelope: caused an explosion (FIREWORK)
[18:28:54] [VxHPD#3] Penelope: caused an explosion (FIREWORK)
[18:28:55] [VxHPD#1] Lanaya: died from Firework by Penelope
[18:29:01] [VxHPD#3] Penelope: died from Fist by Thionardii
[18:29:05] [VxHPD#3] Penelope: caused an explosion (FIREWORK)
[18:29:05] [VxHPD#4] Thionardii: died from Firework by Penelope
[18:29:09] [VxHPD#3] Penelope: caused an explosion (FIREWORK)
[18:29:12] [VxHPD#3] Penelope: caused an explosion (FIREWORK)
[18:29:15] [VxHPD#3] Penelope: caused an explosion (FIREWORK)
[18:29:15] [VxHPD#1] Lanaya: died from Firework by Penelope
[18:29:28] [VxHPD#3] Penelope: died from Combat Pistol by Lanaya
[18:29:40] [VxHPD#4] Thionardii: died from Micro SMG by Penelope
[18:29:44] [VxHPD#4] Thionardii: said "/territorymenu"
[18:29:44] [VxHPD#4] Thionardii: said "/securearea"
[18:29:46] [VxHPD#1] Lanaya: died from Special Carbine by Penelope
[18:29:47] [VxHPD#3] Penelope: died from Micro SMG by NAADERMAAN
[18:30:01] [VxHPD#2] NAADERMAAN: died from Advanced Rifle by Thionardii
[18:30:03] [VxHPD#1] Lanaya: died from Assault Rifle by Penelope
[18:30:10] [VxHPD#3] Penelope: died from Sniper Rifle by Thionardii
[18:30:16] [VxHPD#1] Lanaya: died from Sniper Rifle by Thionardii
[18:30:21] [VxHPD#4] Thionardii: died from Assault Rifle by Penelope
[18:30:25] [VxHPD#4] Thionardii: said "/territorymenu"
[18:30:25] [VxHPD#4] Thionardii: said "/securearea"
[18:30:30] [VxHPD#2] NAADERMAAN: died from Sniper Rifle by Thionardii
[18:30:55] [VxHPD#3] Penelope: died from Pump Shotgun by Thionardii
[18:31:08] [VxHPD#3] Penelope: died from Pump Shotgun by Thionardii
[18:31:21] [VxHPD#3] Penelope: caused an explosion (FIREWORK)
[18:31:24] [VxHPD#3] Penelope: caused an explosion (FIREWORK)
[18:31:25] [VxHPD#2] NAADERMAAN: died from Firework by Penelope
[18:31:36] [VxHPD#2] NAADERMAAN: died from Sniper Rifle by Thionardii
[18:31:41] [VxHPD#3] Penelope: caused an explosion (FIREWORK)
[18:31:44] [VxHPD#3] Penelope: caused an explosion (FIREWORK)
[18:31:47] [VxHPD#3] Penelope: caused an explosion (FIREWORK)
[18:31:48] [VxHPD#4] Thionardii: died from Firework by Penelope
[18:31:51] [VxHPD#4] Thionardii: said "/territorymenu"
[18:31:51] [VxHPD#4] Thionardii: said "/securearea"
[18:31:56] [VxHPD#3] Penelope: caused an explosion (FIREWORK)
[18:31:56] [VxHPD#3] Penelope: died from Sniper Rifle by Thionardii
[18:32:05] [VxHPD#3] Penelope: died from Sniper Rifle by Thionardii
[18:32:11] [VxHPD#3] Penelope: caused an explosion (FIREWORK)
[18:32:15] [VxHPD#3] Penelope: caused an explosion (FIREWORK)
[18:32:15] [VxHPD#4] Thionardii: died from Firework by Penelope
[18:33:00] [VxHPD#3] Penelope: caused an explosion (GRENADE)
[18:33:00] [VxHPD#2] NAADERMAAN: died from Grenade by Penelope
[18:33:02] [VxHPD#3] Penelope: caused an explosion (GRENADE)
[18:33:05] [VxHPD#3] Penelope: died from Advanced Rifle by Thionardii
[18:33:05] [VxHPD#3] Penelope: caused an explosion (GRENADE)
[18:33:08] [VxHPD#3] Penelope: caused an explosion (GRENADE)
[18:33:17] [VxHPD#3] Penelope: caused an explosion (GRENADE)
[18:33:36] [VxHPD#4] Thionardii: said "/territorymenu"
[18:33:36] [VxHPD#4] Thionardii: said "/securearea"
[18:33:41] [VxHPD#4] Thionardii: said "/territorymenu"
[18:33:41] [VxHPD#4] Thionardii: said "/securearea"
[18:33:44] [VxHPD#4] Thionardii: said "/territorymenu"
[18:33:44] [VxHPD#4] Thionardii: said "/securearea"
[18:34:05] [VxHPD#4] Thionardii: died from Pistol .50 by Penelope
[18:34:18] [VxHPD#2] NAADERMAAN: died from Pistol .50 by Penelope
[18:34:24] [VxHPD#3] Penelope: died from Pistol .50 by Thionardii
[18:34:27] [VxHPD#3] Penelope: died from Pistol .50 by Thionardii
[18:34:42] [VxHPD#3] Penelope: died from Pistol .50 by Thionardii
[18:34:51] [VxHPD#3] Penelope: died from Pistol .50 by Thionardii
[18:35:08] [VxHPD#4] Thionardii: died from Pistol .50 by Penelope
[18:35:22] [VxHPD#4] Thionardii: died from Pistol .50 by Penelope
[18:35:32] [VxHPD#1] Lanaya: died from Pistol by NAADERMAAN
[18:35:34] [VxHPD#4] Thionardii: died from Pistol .50 by Penelope
[18:35:45] [VxHPD#4] Thionardii: died from Pistol .50 by Penelope
[18:35:53] [VxHPD#4] Thionardii: died from Pistol .50 by Penelope
[18:36:02] [VxHPD#1] Lanaya: died from Pistol by NAADERMAAN
[18:36:03] [VxHPD#3] Penelope: caused an explosion (GRENADE)
[18:36:14] [VxHPD#1] Lanaya: died from Pistol by NAADERMAAN
[18:36:16] [VxHPD#2] NAADERMAAN: died from Pistol .50 by Penelope
[18:36:20] [VxHPD#1] Lanaya: died from Pistol .50 by Thionardii
[18:36:32] [VxHPD#3] Penelope: died from Pistol .50 by Thionardii
[18:36:49] [VxHPD#4] Thionardii: died from Pistol .50 by Penelope
[18:37:11] [VxHPD#2] NAADERMAAN: died from Pistol .50 by Thionardii
[18:37:52] [VxHPD#2] NAADERMAAN: died from Pistol .50 by Penelope
[18:38:05] [VxHPD#1] Lanaya: died from Pistol .50 by Penelope
[18:38:13] [VxHPD#3] Penelope: died from Pistol .50 by Thionardii
[18:38:26] [VxHPD#1] Lanaya: died from Pistol .50 by Penelope
[18:39:15] [VxHPD#2] NAADERMAAN: died from Pistol .50 by Thionardii
[18:39:29] [VxHPD#3] Penelope: caused an explosion (GRENADE)
[18:39:37] [VxHPD#3] Penelope: caused an explosion (GRENADE)
[18:39:40] [VxHPD#3] Penelope: caused an explosion (GRENADE)
[18:39:42] [VxHPD#3] Penelope: caused an explosion (GRENADE)
[18:39:43] [VxHPD#3] Penelope: caused an explosion (GRENADE)
[18:39:50] [VxHPD#3] Penelope: caused an explosion (GRENADE)
[18:39:58] [VxHPD#3] Penelope: caused an explosion (GRENADE)
[18:40:03] [VxHPD#1] Lanaya: died from Pistol .50 by Thionardii
[18:40:19] [VxHPD#2] NAADERMAAN: died from Pistol .50 by Penelope
[18:41:18] [VxHPD#2] NAADERMAAN: died from Pistol .50 by Thionardii
[18:41:49] [VxHPD#3] Penelope: died from Pistol .50 by Lanaya
[18:41:50] [VxHPD#1] Lanaya: died from Pistol .50 by Thionardii
[18:42:02] [VxHPD#3] Penelope: died from Pistol .50 by Lanaya
[18:42:02] [VxHPD#1] Lanaya: died from Pistol .50 by Thionardii
[18:42:28] [VxHPD#1] Lanaya: died from Pistol .50 by Thionardii
[18:42:42] [VxHPD#2] NAADERMAAN: died from Pistol .50 by Penelope
[18:42:50] [VxHPD#1] Lanaya: died from Pistol .50 by Penelope
[18:43:09] [VxHPD#4] Thionardii: died from suicide (Falling)
[18:43:21] [VxHPD#1] Lanaya: died from Pistol .50 by Penelope
[18:43:40] [VxHPD#3] Penelope: died from Pistol by NAADERMAAN
[18:43:56] [VxHPD#2] NAADERMAAN: died from Pistol .50 by Thionardii
[18:44:00] [VxHPD#1] Lanaya: died from Pistol .50 by Thionardii
[18:44:05] [VxHPD#1] Lanaya: died from Pistol .50 by Thionardii
[18:44:15] [VxHPD#3] Penelope: died from Pistol by NAADERMAAN
[18:44:33] [VxHPD#3] Penelope: died from Pistol .50 by Lanaya
[18:44:37] [VxHPD#2] NAADERMAAN: died from Pistol .50 by Thionardii
[18:44:43] [VxHPD#3] Penelope: died from Pistol .50 by Thionardii
[18:44:49] [VxHPD#1] Lanaya: died from Pistol .50 by Thionardii
[18:44:49] [VxHPD#4] Thionardii: died from Sniper Rifle by Penelope
[18:45:32] [VxHPD#1] Lanaya: died from Sniper Rifle by Penelope
[18:45:33] [VxHPD#3] Penelope: died from Pistol .50 by Thionardii
[18:45:33] [VxHPD#4] Thionardii: died from Sniper Rifle by Penelope
[18:45:45] [VxHPD#3] Penelope: died from Pistol by NAADERMAAN
[18:45:48] [VxHPD#3] Penelope: caused an explosion (GRENADE)
[18:45:49] [VxHPD#1] Lanaya: died from Grenade by Penelope
[18:45:54] [VxHPD#2] NAADERMAAN: died from Pistol .50 by Thionardii
[18:45:58] [VxHPD#3] Penelope: caused an explosion (GRENADE)
[18:46:01] [VxHPD#3] Penelope: caused an explosion (GRENADE)
[18:46:09] [VxHPD#3] Penelope: caused an explosion (GRENADE)
[18:46:09] [VxHPD#1] Lanaya: died from suicide
[18:46:09] [VxHPD#3] Penelope: died from suicide (Grenade)
[18:46:34] [VxHPD#3] Penelope: died from Pistol .50 by Lanaya
[18:46:44] [VxHPD#1] Lanaya: died from Pistol .50 by Thionardii
[18:46:52] [VxHPD#3] Penelope: died from Pistol .50 by Thionardii
[18:46:57] [VxHPD#2] NAADERMAAN: died from Pistol .50 by Thionardii
[18:47:02] [VxHPD#1] Lanaya: died from Pistol .50 by Thionardii
[18:47:28] [VxHPD#2] NAADERMAAN: died from Pistol .50 by Thionardii
[18:48:00] [VxHPD#3] Penelope: died from Heavy Sniper by Lanaya
[18:48:01] [VxHPD#2] NAADERMAAN: died from Pistol .50 by Thionardii
[18:48:20] [VxHPD#3] Penelope: died from Heavy Sniper by Lanaya
[18:48:24] [VxHPD#4] Thionardii: died from Heavy Sniper by Lanaya
[18:48:48] [VxHPD#3] Penelope: died from Heavy Sniper by Lanaya
[18:49:00] [VxHPD#2] NAADERMAAN: died from Sniper Rifle by Thionardii
[18:50:03] [VxHPD#4] Thionardii: died from Heavy Sniper by Lanaya
[18:50:03] [VxHPD#1] Lanaya: died from Pistol .50 by Penelope
[18:50:22] [VxHPD#3] Penelope: died from Sniper Rifle by Thionardii
[18:50:40] [VxHPD#1] Lanaya: died from AP Pistol by Penelope
[18:50:43] [VxHPD#3] Penelope: died from Sniper Rifle by Thionardii
[18:50:55] [VxHPD#4] Thionardii: died from Heavy Sniper by Lanaya
[18:50:57] [VxHPD#1] Lanaya: died from AP Pistol by Penelope
[18:51:04] [VxHPD#4] Thionardii: said "/territorymenu"
[18:51:04] [VxHPD#4] Thionardii: said "/securearea"
[18:51:08] [VxHPD#3] Penelope: died from Sniper Rifle by Thionardii
[18:51:11] [VxHPD#1] Lanaya: died from Sniper Rifle by Thionardii
[18:51:21] [VxHPD#1] Lanaya: died from AP Pistol by Penelope
[18:51:23] [VxHPD#4] Thionardii: died from Heavy Sniper by NAADERMAAN
[18:51:42] [VxHPD#3] Penelope: died from Heavy Sniper by NAADERMAAN
[18:51:44] [VxHPD#3] Penelope: caused an explosion (GRENADE)
[18:51:46] [VxHPD#3] Penelope: caused an explosion (GRENADE)
[18:51:55] [VxHPD#3] Penelope: caused an explosion (GRENADE)
[18:51:56] [VxHPD#3] Penelope: caused an explosion (GRENADE)
[18:51:58] [VxHPD#3] Penelope: died from Heavy Sniper by NAADERMAAN
[18:51:59] [VxHPD#2] NAADERMAAN: died from Sniper Rifle by Thionardii
[18:51:59] [VxHPD#3] Penelope: caused an explosion (GRENADE)
[18:52:07] [VxHPD#3] Penelope: caused an explosion (GRENADE)
[18:52:10] [VxHPD#3] Penelope: caused an explosion (GRENADE)
[18:52:11] [VxHPD#3] Penelope: caused an explosion (GRENADE)
[18:52:24] [VxHPD#3] Penelope: died from Heavy Sniper by NAADERMAAN
[18:52:27] [VxHPD#1] Lanaya: died from Sniper Rifle by Thionardii
[18:52:36] [VxHPD#2] NAADERMAAN: died from Sniper Rifle by Thionardii
[18:53:20] [VxHPD#3] Penelope: died from suicide (Smoke Grenade)
[18:53:24] [VxHPD#4] Thionardii: died from Heavy Sniper by Lanaya
[18:53:25] [VxHPD#3] Penelope: died from suicide (Smoke Grenade)
[18:53:29] [VxHPD#3] Penelope: died from suicide (Smoke Grenade)
[18:53:36] [VxHPD#3] Penelope: died from suicide (Smoke Grenade)
[18:53:38] [VxHPD#3] Penelope: died from suicide (Smoke Grenade)
[18:53:40] [VxHPD#4] Thionardii: died from Smoke Grenade by Penelope
[18:54:20] [VxHPD#3] Penelope: died from Sniper Rifle by Thionardii
[18:54:24] [VxHPD#2] NAADERMAAN: died from Heavy Sniper by Lanaya
[18:54:34] [VxHPD#3] Penelope: died from Sniper Rifle by Thionardii
[18:54:57] [VxHPD#1] Lanaya: died from Heavy Sniper by NAADERMAAN
[18:55:08] [VxHPD#3] Penelope: died from Sniper Rifle by Thionardii
[18:55:23] [VxHPD#2] NAADERMAAN: died from Sniper Rifle by Thionardii
[18:56:32] [VxHPD#1] Lanaya: said "/prone"
[18:57:04] [VxHPD#3] Penelope: died from Sniper Rifle by Thionardii
[18:57:11] [VxHPD#4] Thionardii: died from Heavy Sniper by NAADERMAAN
[18:59:14] [VxHPD#1] Lanaya: died from Sniper Rifle by Thionardii
[18:59:23] [VxHPD#2] NAADERMAAN: died from Sniper Rifle by Thionardii
[18:59:36] [VxHPD#3] Penelope: died from Sniper Rifle by Thionardii
[18:59:49] [VxHPD#3] Penelope: died from Sniper Rifle by Thionardii
[18:59:57] [VxHPD#2] NAADERMAAN: died from Pump Shotgun by Thionardii
[19:00:00] [VxHPD#3] Penelope: died from Pump Shotgun by Thionardii
[19:00:11] [VxHPD#3] Penelope: died from AP Pistol by Thionardii
[19:00:16] [VxHPD#1] Lanaya: died from suicide (Falling)
[19:00:27] [VxHPD#3] Penelope: said "/carmgt"
[19:00:37] [VxHPD#4] Thionardii: died from suicide (Ranover by Vehicle)
[19:00:47] [VxHPD#3] Penelope: said "w"
[19:01:34] [VxHPD#3] Penelope: died from Pistol .50 by Thionardii
[19:01:52] [VxHPD#4] Thionardii: died from Pistol .50 by NAADERMAAN
[19:01:52] [VxHPD#2] NAADERMAAN: died from Pistol .50 by Thionardii
[19:01:56] [VxHPD#1] Lanaya: died from Ranover by Vehicle by Penelope
[19:02:07] [VxHPD#4] Thionardii: died from Pistol .50 by NAADERMAAN
[19:02:08] [VxHPD#3] Penelope: died from Explosion by NAADERMAAN
[19:02:09] [VxHPD#1] Lanaya: died from Explosion by NAADERMAAN
[19:02:14] [VxHPD#2] NAADERMAAN: caused an explosion (TANKER)
[19:02:14] [VxHPD#2] NAADERMAAN: caused an explosion (CAR)
[19:02:14] [VxHPD#1] Lanaya: caused an explosion (TANKER)
[19:02:15] [VxHPD#3] Penelope: died from Explosion by NAADERMAAN
[19:02:25] [VxHPD#2] NAADERMAAN: died from Pistol .50 by Thionardii
[19:02:47] [VxHPD#3] Penelope: died from Pistol .50 by Thionardii
[19:02:58] [VxHPD#3] Penelope: died from Pump Shotgun by Thionardii
[19:03:03] [VxHPD#3] Penelope: died from Pump Shotgun by Thionardii
[19:03:07] [VxHPD#3] Penelope: died from Pump Shotgun by Thionardii
[19:03:15] [VxHPD#3] Penelope: died from Pump Shotgun by Thionardii
[19:03:25] [VxHPD#3] Penelope: died from Heavy Sniper by Lanaya
[19:03:30] [VxHPD#4] Thionardii: died from Heavy Sniper by Lanaya
[19:03:34] [VxHPD#4] Thionardii: disconnected (Exiting)
[19:03:36] [VxHPD#3] Penelope: disconnected (Exiting)
[19:03:43] [VxHPD#2] NAADERMAAN: died from Heavy Sniper by Lanaya
[19:04:22] [VxHPD#2] NAADERMAAN: disconnected (Exiting)
[19:04:31] [VxHPD#1] Lanaya: disconnected (Exiting)

================================================================
======== txAdmin Starting - 10/5/2023, 23:48:36                 
================================================================
[23:48:44] txAdmin: Logger started

================================================================
======== txAdmin Starting - 10/5/2023, 23:52:47                 
================================================================
[23:53:01] txAdmin: Logger started
[23:55:20] [hMnNG#1] Lanaya: joined with identifiers [license:5c6c4e0a452aac736553fa42e416510a1c8540d5; live:914802132220478; discord:377375684089348097; license2:5c6c4e0a452aac736553fa42e416510a1c8540d5]
[23:55:28] [hMnNG#2] Mєmbunuh Kuman: joined with identifiers [license:f3c4e3230175094d5d02536d7c86fa28b1aa08f4; xbl:2535428800417856; live:985153851009620; discord:580990788058742784; fivem:8711504; license2:3db48a3e36e905c22c7c58f04ad6b96e5ee97901]
