
================================================================
======== txAdmin Starting - 10/16/2023, 20:02:17                
================================================================

================================================================
======== Log Rotated - 10/16/2023, 20:02:17                     
================================================================
[20:02:40] txAdmin: Logger started
[20:09:24] txAdmin: Logger started
[20:11:54] [Lr8zG#1] Lanaya: joined with identifiers [license:5c6c4e0a452aac736553fa42e416510a1c8540d5; live:914802132220478; discord:377375684089348097; license2:5c6c4e0a452aac736553fa42e416510a1c8540d5]
[20:15:07] [Lr8zG#1] Lanaya: died from suicide
[20:16:44] [Lr8zG#1] Lanaya: caused an explosion (STICKYBOMB)
[20:16:44] [Lr8zG#1] Lanaya: caused an explosion (BIKE)
[20:40:04] [Lr8zG#1] Lanaya: disconnected (Exiting)
[20:41:32] txAdmin: Logger started
[20:43:31] [YHD3P#1] Lanaya: joined with identifiers [license:5c6c4e0a452aac736553fa42e416510a1c8540d5; live:914802132220478; discord:377375684089348097; license2:5c6c4e0a452aac736553fa42e416510a1c8540d5]
[21:05:24] [YHD3P#1] Lanaya: died from suicide (Falling)
[21:05:50] [YHD3P#1] Lanaya: disconnected ([txAdmin] Server restarting (requested by KaelKanaeru).)
[21:06:05] txAdmin: Logger started
[21:08:31] txAdmin: Logger started
[21:10:28] txAdmin: Logger started
[21:12:41] txAdmin: Logger started
[21:16:25] txAdmin: Logger started
[21:17:27] [i44YN#1] Lanaya: joined with identifiers [license:5c6c4e0a452aac736553fa42e416510a1c8540d5; live:914802132220478; discord:377375684089348097; license2:5c6c4e0a452aac736553fa42e416510a1c8540d5]
[21:18:13] [i44YN#1] Lanaya: died from suicide (Falling)
[21:20:56] [i44YN#1] Lanaya: said "\"
[21:33:04] [i44YN#1] Lanaya: disconnected ([txAdmin] Server restarting (requested by KaelKanaeru).)
[21:33:23] txAdmin: Logger started
[21:36:35] txAdmin: Logger started
[21:37:06] [ymEP6#1] Lanaya: joined with identifiers [license:5c6c4e0a452aac736553fa42e416510a1c8540d5; live:914802132220478; discord:377375684089348097; license2:5c6c4e0a452aac736553fa42e416510a1c8540d5]
[21:40:32] [ymEP6#1] Lanaya: died from suicide (Falling)
[21:42:10] [ymEP6#1] Lanaya: disconnected (Exiting)
[21:43:50] txAdmin: Logger started
[21:45:00] [FVHWF#1] Lanaya: joined with identifiers [license:5c6c4e0a452aac736553fa42e416510a1c8540d5; live:914802132220478; discord:377375684089348097; license2:5c6c4e0a452aac736553fa42e416510a1c8540d5]
[21:47:53] [FVHWF#1] Lanaya: disconnected (Exiting)
[21:48:18] txAdmin: Logger started
[21:49:50] [bnwQh#1] Lanaya: joined with identifiers [license:5c6c4e0a452aac736553fa42e416510a1c8540d5; live:914802132220478; discord:377375684089348097; license2:5c6c4e0a452aac736553fa42e416510a1c8540d5]
[22:02:32] [bnwQh#1] Lanaya: disconnected (Exiting)
[22:03:02] txAdmin: Logger started
[22:06:16] [qCKHF#1] Lanaya: joined with identifiers [license:5c6c4e0a452aac736553fa42e416510a1c8540d5; live:914802132220478; discord:377375684089348097; license2:5c6c4e0a452aac736553fa42e416510a1c8540d5]
[22:09:38] [qCKHF#1] Lanaya: died from suicide (Falling)
[22:13:53] [qCKHF#1] Lanaya: disconnected (Exiting)
[22:16:49] txAdmin: Logger started
[22:17:55] [k8PxD#1] Lanaya: joined with identifiers [license:5c6c4e0a452aac736553fa42e416510a1c8540d5; live:914802132220478; discord:377375684089348097; license2:5c6c4e0a452aac736553fa42e416510a1c8540d5]
[22:20:43] [k8PxD#1] Lanaya: disconnected ([txAdmin] Server restarting (requested by KaelKanaeru).)
[22:21:01] txAdmin: Logger started
[22:25:17] txAdmin: Logger started
[22:25:27] [ahfHG#1] Lanaya: joined with identifiers [license:5c6c4e0a452aac736553fa42e416510a1c8540d5; live:914802132220478; discord:377375684089348097; license2:5c6c4e0a452aac736553fa42e416510a1c8540d5]
[22:29:35] [ahfHG#1] Lanaya: said "/shugg"
[22:54:50] [ahfHG#1] Lanaya: died from suicide (Falling)
[23:09:54] [ahfHG#1] Lanaya: disconnected (Exiting)
