
================================================================
======== txAdmin Starting - 2/17/2024, 14:55:08                 
================================================================

================================================================
======== Log Rotated - 2/17/2024, 14:55:09                      
================================================================
[14:56:13] txAdmin: Logger started
[15:00:22] [YiWJ6#1] KAEL: joined with identifiers [license:5c6c4e0a452aac736553fa42e416510a1c8540d5; live:914802132220478; discord:377375684089348097; license2:5c6c4e0a452aac736553fa42e416510a1c8540d5]
[15:02:51] [YiWJ6#1] KAEL: died from suicide (Ranover by Vehicle)
[15:20:18] [YiWJ6#1] KAEL: died from suicide (Falling)
[15:21:30] [YiWJ6#1] KAEL: said "/pant"
[15:36:47] [YiWJ6#1] KAEL: said "//plant"
[15:37:10] [YiWJ6#1] KAEL: said "/plantbibit"
[15:38:42] [YiWJ6#1] KAEL: died from suicide (Falling)
[15:41:37] [YiWJ6#1] KAEL: said "clear"
[15:56:08] [YiWJ6#1] KAEL: died from suicide (Falling)
[16:06:02] [YiWJ6#1] KAEL: said "/platn"
[16:10:14] [YiWJ6#1] KAEL: said "/healme"
[16:30:26] [YiWJ6#1] KAEL: caused an explosion (PETROL_PUMP)
[16:30:26] [YiWJ6#1] KAEL: caused an explosion (PETROL_PUMP)
[16:30:34] [YiWJ6#1] KAEL: caused an explosion (PETROL_PUMP)
[16:30:49] [YiWJ6#1] KAEL: caused an explosion (PETROL_PUMP)
[16:31:00] [YiWJ6#1] KAEL: caused an explosion (PETROL_PUMP)
[16:35:25] [YiWJ6#1] KAEL: said "/plant"
[16:35:48] [YiWJ6#1] KAEL: said "/tanam"
[16:35:58] [YiWJ6#1] KAEL: said "/plant"
[16:36:13] [YiWJ6#1] KAEL: said "/plant"
[16:36:49] [YiWJ6#1] KAEL: said "/plant"
[16:37:30] [YiWJ6#1] KAEL: said "/plant"
[16:39:25] [YiWJ6#1] KAEL: said "/tanam bibit_jagung"
[16:39:35] [YiWJ6#1] KAEL: said "/tanam jagung"
[16:41:03] [YiWJ6#1] KAEL: said "/plant "
[16:41:08] [YiWJ6#1] KAEL: said "/tanam"
[16:42:05] [YiWJ6#1] KAEL: disconnected (Exiting)
[16:43:09] txAdmin: Logger started
[16:44:25] [AEerB#1] KAEL: joined with identifiers [license:5c6c4e0a452aac736553fa42e416510a1c8540d5; live:914802132220478; discord:377375684089348097; license2:5c6c4e0a452aac736553fa42e416510a1c8540d5]
[16:46:18] [AEerB#1] KAEL: said "/plant"
[16:48:55] [AEerB#1] KAEL: died from suicide (Falling)
[16:56:42] [AEerB#1] KAEL: said "/givemoney 1 100000"
[16:56:49] [AEerB#1] KAEL: said "/setmoney 1 100000"
[16:58:52] [AEerB#1] KAEL: said "/plant"
[17:36:37] [AEerB#1] KAEL: said "/plant"
[17:36:53] [AEerB#1] KAEL: said "/plant"
[17:51:03] [AEerB#1] KAEL: said "/plantseed"
[17:51:03] [AEerB#1] KAEL: said "/harvestveg"
[17:51:09] [AEerB#1] KAEL: said "/plantseed"
[17:51:09] [AEerB#1] KAEL: said "/harvestveg"
[18:21:30] [AEerB#1] KAEL: died from suicide (Falling)
[18:38:59] [AEerB#1] KAEL: died from suicide (Falling)
[18:56:28] [AEerB#1] KAEL: died from suicide (Falling)
[18:58:42] [AEerB#1] KAEL: said "/ceklevel"
[18:58:42] [AEerB#1] KAEL: said "/level"
[18:59:22] [AEerB#1] KAEL: said "/ceklevel"
[18:59:22] [AEerB#1] KAEL: said "/level"
[19:12:49] [AEerB#1] KAEL: died from suicide (Falling)
[19:15:55] [AEerB#1] KAEL: disconnected (Exiting)
