
================================================================
======== txAdmin Starting - 10/3/2023, 18:12:11                 
================================================================

================================================================
======== Log Rotated - 10/3/2023, 18:12:11                      
================================================================
[18:12:32] txAdmin: Logger started
[18:15:33] [gdfRA#1] Lanaya: joined with identifiers [license:5c6c4e0a452aac736553fa42e416510a1c8540d5; live:914802132220478; discord:377375684089348097; license2:5c6c4e0a452aac736553fa42e416510a1c8540d5]
[18:17:18] [gdfRA#1] Lanaya: said "/tp 123.45 678.90  0.0"
[18:31:06] [gdfRA#1] Lanaya: disconnected (Exiting)

================================================================
======== txAdmin Starting - 10/3/2023, 21:27:00                 
================================================================
[21:27:08] txAdmin: Logger started
[21:29:53] [n4rFw#1] Lanaya: joined with identifiers [license:5c6c4e0a452aac736553fa42e416510a1c8540d5; live:914802132220478; discord:377375684089348097; license2:5c6c4e0a452aac736553fa42e416510a1c8540d5]
[21:30:54] [n4rFw#1] Lanaya: said "/menubibit"
[21:31:26] [n4rFw#1] Lanaya: said "/menubibit"
[22:09:28] [n4rFw#1] Lanaya: died from suicide
[22:09:41] [n4rFw#1] Lanaya: caused an explosion (PETROL_PUMP)
[22:13:52] [n4rFw#1] Lanaya: said "/dv1"
[22:13:54] [n4rFw#1] Lanaya: said "/dv1"
[22:16:20] [n4rFw#1] Lanaya: disconnected (Exiting)
